The system is: Linux - 4.4.0-31-generic - x86_64
Compiling the C compiler identification source file "CMakeCCompilerId.c" succeeded.
Compiler: /home/ethanhs/python3-android/sdk/android-ndk-r12/toolchains/arm-linux-androideabi-4.9/prebuilt/linux-x86_64/bin/arm-linux-androideabi-gcc 
Build flags: -DANDROID;-mandroid;-fomit-frame-pointer;-pipe;--sysroot;/home/ethanhs/python3-android/sdk/android-ndk-r12/platforms/android-21/arch-arm
Id flags: 

The output was:
0


Compilation of the C compiler identification source "CMakeCCompilerId.c" produced "a.out"

The C compiler identification is GNU, found in "/home/ethanhs/android-pyside-build-scripts/pyside-build/CMakeFiles/3.5.1/CompilerIdC/a.out"

Compiling the CXX compiler identification source file "CMakeCXXCompilerId.cpp" succeeded.
Compiler: /home/ethanhs/python3-android/sdk/android-ndk-r12/toolchains/arm-linux-androideabi-4.9/prebuilt/linux-x86_64/bin/arm-linux-androideabi-g++ 
Build flags: -I/home/ethanhs/python3-android/sdk/android-ndk-r12/platforms/android-21/arch-arm/usr/include;-DANDROID;-mandroid;-fomit-frame-pointer;-pipe;--sysroot;/home/ethanhs/python3-android/sdk/android-ndk-r12/platforms/android-21/arch-arm;-L/home/ethanhs/python3-android/sdk/android-ndk-r12/sources/cxx-stl/gnu-libstdc++/4.9/libs/armeabi;-I/home/ethanhs/python3-android/sdk/android-ndk-r12/sources/cxx-stl/gnu-libstdc++/4.9/include;-I/home/ethanhs/python3-android/sdk/android-ndk-r12/sources/cxx-stl/gnu-libstdc++/4.9/libs/armeabi/include;-I/home/ethanhs/python3-android/sdk/android-ndk-r12/platforms/android-21/arch-arm/usr/include;-I/home/ethanhs/android-pyside-build-scripts/stage/include/shiboken;-I/home/ethanhs/python3-android/build/12-21-arm-linux-androideabi-4.9/include/python3.5m;-L/home/ethanhs/android-pyside-build-scripts/stage/lib;-I/home/ethanhs/python3-android/sdk/android-ndk-r12/platforms/android-21/arch-arm/usr/include;-I/home/ethanhs/android-pyside-build-scripts/pyside2-android/libpyside;-fPIC;-fvisibility=hidden;-Wno-strict-aliasing;-rdynamic
Id flags: 

The output was:
0


Compilation of the CXX compiler identification source "CMakeCXXCompilerId.cpp" produced "a.out"

The CXX compiler identification is GNU, found in "/home/ethanhs/android-pyside-build-scripts/pyside-build/CMakeFiles/3.5.1/CompilerIdCXX/a.out"

Determining if the C compiler works passed with the following output:
Change Dir: /home/ethanhs/android-pyside-build-scripts/pyside-build/CMakeFiles/CMakeTmp

Run Build Command:"/usr/bin/make" "cmTC_0e0ef/fast"
/usr/bin/make -f CMakeFiles/cmTC_0e0ef.dir/build.make CMakeFiles/cmTC_0e0ef.dir/build
make[1]: Entering directory '/home/ethanhs/android-pyside-build-scripts/pyside-build/CMakeFiles/CMakeTmp'
Building C object CMakeFiles/cmTC_0e0ef.dir/testCCompiler.c.o
/home/ethanhs/python3-android/sdk/android-ndk-r12/toolchains/arm-linux-androideabi-4.9/prebuilt/linux-x86_64/bin/arm-linux-androideabi-gcc    -DANDROID -mandroid -fomit-frame-pointer -pipe --sysroot /home/ethanhs/python3-android/sdk/android-ndk-r12/platforms/android-21/arch-arm     -o CMakeFiles/cmTC_0e0ef.dir/testCCompiler.c.o   -c /home/ethanhs/android-pyside-build-scripts/pyside-build/CMakeFiles/CMakeTmp/testCCompiler.c
Linking C executable cmTC_0e0ef
/usr/bin/cmake -E cmake_link_script CMakeFiles/cmTC_0e0ef.dir/link.txt --verbose=1
/home/ethanhs/python3-android/sdk/android-ndk-r12/toolchains/arm-linux-androideabi-4.9/prebuilt/linux-x86_64/bin/arm-linux-androideabi-gcc  -DANDROID -mandroid -fomit-frame-pointer -pipe --sysroot /home/ethanhs/python3-android/sdk/android-ndk-r12/platforms/android-21/arch-arm     -L/home/ethanhs/android-pyside-build-scripts/stage/lib -L/home/ethanhs/python3-android/sdk/android-ndk-r12/sources/cxx-stl/gnu-libstdc++/4.9/libs/armeabi -L/home/ethanhs/python3-android/build/12-21-arm-linux-androideabi-4.9/lib -shared -Wno-strict-aliasing -Wl,-O1 -Wl,-z,noexecstack -Wl,-shared,-Bsymbolic -Wl,--no-whole-archive -L/home/ethanhs/Qt5.5.1/5.5/android_armv7/lib -lQt5Core -lpython3.5m -lstdc++ -lsupc++ -lgcc -llog -lz -lm -ldl -lc --sysroot /home/ethanhs/python3-android/sdk/android-ndk-r12/platforms/android-21/arch-arm -L/home/ethanhs/android-pyside-build-scripts/stage/lib/libshiboken2.cpython-35m.so -lshiboken2.cpython-35m -lQt5Core  CMakeFiles/cmTC_0e0ef.dir/testCCompiler.c.o  -o cmTC_0e0ef -rdynamic 
make[1]: Leaving directory '/home/ethanhs/android-pyside-build-scripts/pyside-build/CMakeFiles/CMakeTmp'


Detecting C compiler ABI info compiled with the following output:
Change Dir: /home/ethanhs/android-pyside-build-scripts/pyside-build/CMakeFiles/CMakeTmp

Run Build Command:"/usr/bin/make" "cmTC_b9275/fast"
/usr/bin/make -f CMakeFiles/cmTC_b9275.dir/build.make CMakeFiles/cmTC_b9275.dir/build
make[1]: Entering directory '/home/ethanhs/android-pyside-build-scripts/pyside-build/CMakeFiles/CMakeTmp'
Building C object CMakeFiles/cmTC_b9275.dir/CMakeCCompilerABI.c.o
/home/ethanhs/python3-android/sdk/android-ndk-r12/toolchains/arm-linux-androideabi-4.9/prebuilt/linux-x86_64/bin/arm-linux-androideabi-gcc    -DANDROID -mandroid -fomit-frame-pointer -pipe --sysroot /home/ethanhs/python3-android/sdk/android-ndk-r12/platforms/android-21/arch-arm     -o CMakeFiles/cmTC_b9275.dir/CMakeCCompilerABI.c.o   -c /usr/share/cmake-3.5/Modules/CMakeCCompilerABI.c
Linking C executable cmTC_b9275
/usr/bin/cmake -E cmake_link_script CMakeFiles/cmTC_b9275.dir/link.txt --verbose=1
/home/ethanhs/python3-android/sdk/android-ndk-r12/toolchains/arm-linux-androideabi-4.9/prebuilt/linux-x86_64/bin/arm-linux-androideabi-gcc  -DANDROID -mandroid -fomit-frame-pointer -pipe --sysroot /home/ethanhs/python3-android/sdk/android-ndk-r12/platforms/android-21/arch-arm     -L/home/ethanhs/android-pyside-build-scripts/stage/lib -L/home/ethanhs/python3-android/sdk/android-ndk-r12/sources/cxx-stl/gnu-libstdc++/4.9/libs/armeabi -L/home/ethanhs/python3-android/build/12-21-arm-linux-androideabi-4.9/lib -shared -Wno-strict-aliasing -Wl,-O1 -Wl,-z,noexecstack -Wl,-shared,-Bsymbolic -Wl,--no-whole-archive -L/home/ethanhs/Qt5.5.1/5.5/android_armv7/lib -lQt5Core -lpython3.5m -lstdc++ -lsupc++ -lgcc -llog -lz -lm -ldl -lc --sysroot /home/ethanhs/python3-android/sdk/android-ndk-r12/platforms/android-21/arch-arm -L/home/ethanhs/android-pyside-build-scripts/stage/lib/libshiboken2.cpython-35m.so -lshiboken2.cpython-35m -lQt5Core -v CMakeFiles/cmTC_b9275.dir/CMakeCCompilerABI.c.o  -o cmTC_b9275 -rdynamic  
Using built-in specs.
COLLECT_GCC=/home/ethanhs/python3-android/sdk/android-ndk-r12/toolchains/arm-linux-androideabi-4.9/prebuilt/linux-x86_64/bin/arm-linux-androideabi-gcc
COLLECT_LTO_WRAPPER=/home/ethanhs/python3-android/sdk/android-ndk-r12/toolchains/arm-linux-androideabi-4.9/prebuilt/linux-x86_64/bin/../libexec/gcc/arm-linux-androideabi/4.9.x/lto-wrapper
Target: arm-linux-androideabi
Configured with: /usr/local/google/buildbot/src/android/gcc/toolchain/build/../gcc/gcc-4.9/configure --prefix=/tmp/59719db9ae19ff43aef46bbcb79596b6 --target=arm-linux-androideabi --host=x86_64-linux-gnu --build=x86_64-linux-gnu --with-gnu-as --with-gnu-ld --enable-languages=c,c++ --with-gmp=/buildbot/tmp/build/toolchain/temp-install --with-mpfr=/buildbot/tmp/build/toolchain/temp-install --with-mpc=/buildbot/tmp/build/toolchain/temp-install --with-cloog=/buildbot/tmp/build/toolchain/temp-install --with-isl=/buildbot/tmp/build/toolchain/temp-install --with-ppl=/buildbot/tmp/build/toolchain/temp-install --disable-ppl-version-check --disable-cloog-version-check --disable-isl-version-check --enable-cloog-backend=isl --with-host-libstdcxx='-static-libgcc -Wl,-Bstatic,-lstdc++,-Bdynamic -lm' --disable-libssp --enable-threads --disable-nls --disable-libmudflap --disable-libgomp --disable-libstdc__-v3 --disable-sjlj-exceptions --disable-shared --disable-tls --disable-libitm --with-float=soft --with-fpu=vfp --with-arch=armv5te --enable-target-optspace --enable-bionic-libs --enable-libatomic-ifuncs=no --enable-initfini-array --disable-nls --prefix=/tmp/59719db9ae19ff43aef46bbcb79596b6 --with-sysroot=/tmp/59719db9ae19ff43aef46bbcb79596b6/sysroot --with-binutils-version=2.25 --with-mpfr-version=3.1.1 --with-mpc-version=1.0.1 --with-gmp-version=5.0.5 --with-gcc-version=4.9 --with-gdb-version=none --with-gxx-include-dir=/tmp/59719db9ae19ff43aef46bbcb79596b6/include/c++/4.9.x --with-bugurl=http://source.android.com/source/report-bugs.html --enable-languages=c,c++ --disable-bootstrap --enable-plugins --enable-libgomp --enable-gnu-indirect-function --disable-libsanitizer --enable-gold --enable-threads --enable-eh-frame-hdr-for-static --enable-graphite=yes --with-isl-version=0.11.1 --with-cloog-version=0.18.0 --with-arch=armv5te --program-transform-name='s&^&arm-linux-androideabi-&' --enable-gold=default
Thread model: posix
gcc version 4.9.x 20150123 (prerelease) (GCC) 
COMPILER_PATH=/home/ethanhs/python3-android/sdk/android-ndk-r12/toolchains/arm-linux-androideabi-4.9/prebuilt/linux-x86_64/bin/../libexec/gcc/arm-linux-androideabi/4.9.x/:/home/ethanhs/python3-android/sdk/android-ndk-r12/toolchains/arm-linux-androideabi-4.9/prebuilt/linux-x86_64/bin/../libexec/gcc/:/home/ethanhs/python3-android/sdk/android-ndk-r12/toolchains/arm-linux-androideabi-4.9/prebuilt/linux-x86_64/bin/../lib/gcc/arm-linux-androideabi/4.9.x/../../../../arm-linux-androideabi/bin/
LIBRARY_PATH=/home/ethanhs/python3-android/sdk/android-ndk-r12/toolchains/arm-linux-androideabi-4.9/prebuilt/linux-x86_64/bin/../lib/gcc/arm-linux-androideabi/4.9.x/:/home/ethanhs/python3-android/sdk/android-ndk-r12/toolchains/arm-linux-androideabi-4.9/prebuilt/linux-x86_64/bin/../lib/gcc/:/home/ethanhs/python3-android/sdk/android-ndk-r12/toolchains/arm-linux-androideabi-4.9/prebuilt/linux-x86_64/bin/../lib/gcc/arm-linux-androideabi/4.9.x/../../../../arm-linux-androideabi/lib/:/home/ethanhs/python3-android/sdk/android-ndk-r12/platforms/android-21/arch-arm/usr/lib/
COLLECT_GCC_OPTIONS='-D' 'ANDROID' '-mandroid' '-fomit-frame-pointer' '-pipe' '-L/home/ethanhs/android-pyside-build-scripts/stage/lib' '-L/home/ethanhs/python3-android/sdk/android-ndk-r12/sources/cxx-stl/gnu-libstdc++/4.9/libs/armeabi' '-L/home/ethanhs/python3-android/build/12-21-arm-linux-androideabi-4.9/lib' '-shared' '-Wno-strict-aliasing' '-L/home/ethanhs/Qt5.5.1/5.5/android_armv7/lib' '-L/home/ethanhs/android-pyside-build-scripts/stage/lib/libshiboken2.cpython-35m.so' '-v' '-o' 'cmTC_b9275' '-rdynamic' '-march=armv5te' '-mfloat-abi=soft' '-mfpu=vfp' '-mtls-dialect=gnu'
 /home/ethanhs/python3-android/sdk/android-ndk-r12/toolchains/arm-linux-androideabi-4.9/prebuilt/linux-x86_64/bin/../libexec/gcc/arm-linux-androideabi/4.9.x/collect2 -plugin /home/ethanhs/python3-android/sdk/android-ndk-r12/toolchains/arm-linux-androideabi-4.9/prebuilt/linux-x86_64/bin/../libexec/gcc/arm-linux-androideabi/4.9.x/liblto_plugin.so -plugin-opt=/home/ethanhs/python3-android/sdk/android-ndk-r12/toolchains/arm-linux-androideabi-4.9/prebuilt/linux-x86_64/bin/../libexec/gcc/arm-linux-androideabi/4.9.x/lto-wrapper -plugin-opt=-fresolution=/tmp/ccW8YKAw.res -plugin-opt=-pass-through=-lgcc -plugin-opt=-pass-through=-lc -plugin-opt=-pass-through=-ldl -plugin-opt=-pass-through=-lgcc --sysroot=/home/ethanhs/python3-android/sdk/android-ndk-r12/platforms/android-21/arch-arm --eh-frame-hdr -shared -export-dynamic -dynamic-linker /system/bin/linker -X -m armelf_linux_eabi -Bsymbolic -z noexecstack -z relro -z now -o cmTC_b9275 /home/ethanhs/python3-android/sdk/android-ndk-r12/platforms/android-21/arch-arm/usr/lib/crtbegin_so.o -L/home/ethanhs/android-pyside-build-scripts/stage/lib -L/home/ethanhs/python3-android/sdk/android-ndk-r12/sources/cxx-stl/gnu-libstdc++/4.9/libs/armeabi -L/home/ethanhs/python3-android/build/12-21-arm-linux-androideabi-4.9/lib -L/home/ethanhs/Qt5.5.1/5.5/android_armv7/lib -L/home/ethanhs/android-pyside-build-scripts/stage/lib/libshiboken2.cpython-35m.so -L/home/ethanhs/python3-android/sdk/android-ndk-r12/toolchains/arm-linux-androideabi-4.9/prebuilt/linux-x86_64/bin/../lib/gcc/arm-linux-androideabi/4.9.x -L/home/ethanhs/python3-android/sdk/android-ndk-r12/toolchains/arm-linux-androideabi-4.9/prebuilt/linux-x86_64/bin/../lib/gcc -L/home/ethanhs/python3-android/sdk/android-ndk-r12/toolchains/arm-linux-androideabi-4.9/prebuilt/linux-x86_64/bin/../lib/gcc/arm-linux-androideabi/4.9.x/../../../../arm-linux-androideabi/lib -L/home/ethanhs/python3-android/sdk/android-ndk-r12/platforms/android-21/arch-arm/usr/lib -O1 -z noexecstack -shared -Bsymbolic --no-whole-archive -lQt5Core -lpython3.5m -lstdc++ -lsupc++ -lgcc -llog -lz -lm -ldl -lc -lshiboken2.cpython-35m -lQt5Core CMakeFiles/cmTC_b9275.dir/CMakeCCompilerABI.c.o -lgcc -lc -ldl -lgcc /home/ethanhs/python3-android/sdk/android-ndk-r12/platforms/android-21/arch-arm/usr/lib/crtend_so.o
make[1]: Leaving directory '/home/ethanhs/android-pyside-build-scripts/pyside-build/CMakeFiles/CMakeTmp'


Parsed C implicit link information from above output:
  link line regex: [^( *|.*[/\])(ld|([^/\]+-)?ld|collect2)[^/\]*( |$)]
  ignore line: [Change Dir: /home/ethanhs/android-pyside-build-scripts/pyside-build/CMakeFiles/CMakeTmp]
  ignore line: []
  ignore line: [Run Build Command:"/usr/bin/make" "cmTC_b9275/fast"]
  ignore line: [/usr/bin/make -f CMakeFiles/cmTC_b9275.dir/build.make CMakeFiles/cmTC_b9275.dir/build]
  ignore line: [make[1]: Entering directory '/home/ethanhs/android-pyside-build-scripts/pyside-build/CMakeFiles/CMakeTmp']
  ignore line: [Building C object CMakeFiles/cmTC_b9275.dir/CMakeCCompilerABI.c.o]
  ignore line: [/home/ethanhs/python3-android/sdk/android-ndk-r12/toolchains/arm-linux-androideabi-4.9/prebuilt/linux-x86_64/bin/arm-linux-androideabi-gcc    -DANDROID -mandroid -fomit-frame-pointer -pipe --sysroot /home/ethanhs/python3-android/sdk/android-ndk-r12/platforms/android-21/arch-arm     -o CMakeFiles/cmTC_b9275.dir/CMakeCCompilerABI.c.o   -c /usr/share/cmake-3.5/Modules/CMakeCCompilerABI.c]
  ignore line: [Linking C executable cmTC_b9275]
  ignore line: [/usr/bin/cmake -E cmake_link_script CMakeFiles/cmTC_b9275.dir/link.txt --verbose=1]
  ignore line: [/home/ethanhs/python3-android/sdk/android-ndk-r12/toolchains/arm-linux-androideabi-4.9/prebuilt/linux-x86_64/bin/arm-linux-androideabi-gcc  -DANDROID -mandroid -fomit-frame-pointer -pipe --sysroot /home/ethanhs/python3-android/sdk/android-ndk-r12/platforms/android-21/arch-arm     -L/home/ethanhs/android-pyside-build-scripts/stage/lib -L/home/ethanhs/python3-android/sdk/android-ndk-r12/sources/cxx-stl/gnu-libstdc++/4.9/libs/armeabi -L/home/ethanhs/python3-android/build/12-21-arm-linux-androideabi-4.9/lib -shared -Wno-strict-aliasing -Wl,-O1 -Wl,-z,noexecstack -Wl,-shared,-Bsymbolic -Wl,--no-whole-archive -L/home/ethanhs/Qt5.5.1/5.5/android_armv7/lib -lQt5Core -lpython3.5m -lstdc++ -lsupc++ -lgcc -llog -lz -lm -ldl -lc --sysroot /home/ethanhs/python3-android/sdk/android-ndk-r12/platforms/android-21/arch-arm -L/home/ethanhs/android-pyside-build-scripts/stage/lib/libshiboken2.cpython-35m.so -lshiboken2.cpython-35m -lQt5Core -v CMakeFiles/cmTC_b9275.dir/CMakeCCompilerABI.c.o  -o cmTC_b9275 -rdynamic  ]
  ignore line: [Using built-in specs.]
  ignore line: [COLLECT_GCC=/home/ethanhs/python3-android/sdk/android-ndk-r12/toolchains/arm-linux-androideabi-4.9/prebuilt/linux-x86_64/bin/arm-linux-androideabi-gcc]
  ignore line: [COLLECT_LTO_WRAPPER=/home/ethanhs/python3-android/sdk/android-ndk-r12/toolchains/arm-linux-androideabi-4.9/prebuilt/linux-x86_64/bin/../libexec/gcc/arm-linux-androideabi/4.9.x/lto-wrapper]
  ignore line: [Target: arm-linux-androideabi]
  ignore line: [Configured with: /usr/local/google/buildbot/src/android/gcc/toolchain/build/../gcc/gcc-4.9/configure --prefix=/tmp/59719db9ae19ff43aef46bbcb79596b6 --target=arm-linux-androideabi --host=x86_64-linux-gnu --build=x86_64-linux-gnu --with-gnu-as --with-gnu-ld --enable-languages=c,c++ --with-gmp=/buildbot/tmp/build/toolchain/temp-install --with-mpfr=/buildbot/tmp/build/toolchain/temp-install --with-mpc=/buildbot/tmp/build/toolchain/temp-install --with-cloog=/buildbot/tmp/build/toolchain/temp-install --with-isl=/buildbot/tmp/build/toolchain/temp-install --with-ppl=/buildbot/tmp/build/toolchain/temp-install --disable-ppl-version-check --disable-cloog-version-check --disable-isl-version-check --enable-cloog-backend=isl --with-host-libstdcxx='-static-libgcc -Wl,-Bstatic,-lstdc++,-Bdynamic -lm' --disable-libssp --enable-threads --disable-nls --disable-libmudflap --disable-libgomp --disable-libstdc__-v3 --disable-sjlj-exceptions --disable-shared --disable-tls --disable-libitm --with-float=soft --with-fpu=vfp --with-arch=armv5te --enable-target-optspace --enable-bionic-libs --enable-libatomic-ifuncs=no --enable-initfini-array --disable-nls --prefix=/tmp/59719db9ae19ff43aef46bbcb79596b6 --with-sysroot=/tmp/59719db9ae19ff43aef46bbcb79596b6/sysroot --with-binutils-version=2.25 --with-mpfr-version=3.1.1 --with-mpc-version=1.0.1 --with-gmp-version=5.0.5 --with-gcc-version=4.9 --with-gdb-version=none --with-gxx-include-dir=/tmp/59719db9ae19ff43aef46bbcb79596b6/include/c++/4.9.x --with-bugurl=http://source.android.com/source/report-bugs.html --enable-languages=c,c++ --disable-bootstrap --enable-plugins --enable-libgomp --enable-gnu-indirect-function --disable-libsanitizer --enable-gold --enable-threads --enable-eh-frame-hdr-for-static --enable-graphite=yes --with-isl-version=0.11.1 --with-cloog-version=0.18.0 --with-arch=armv5te --program-transform-name='s&^&arm-linux-androideabi-&' --enable-gold=default]
  ignore line: [Thread model: posix]
  ignore line: [gcc version 4.9.x 20150123 (prerelease) (GCC) ]
  ignore line: [COMPILER_PATH=/home/ethanhs/python3-android/sdk/android-ndk-r12/toolchains/arm-linux-androideabi-4.9/prebuilt/linux-x86_64/bin/../libexec/gcc/arm-linux-androideabi/4.9.x/:/home/ethanhs/python3-android/sdk/android-ndk-r12/toolchains/arm-linux-androideabi-4.9/prebuilt/linux-x86_64/bin/../libexec/gcc/:/home/ethanhs/python3-android/sdk/android-ndk-r12/toolchains/arm-linux-androideabi-4.9/prebuilt/linux-x86_64/bin/../lib/gcc/arm-linux-androideabi/4.9.x/../../../../arm-linux-androideabi/bin/]
  ignore line: [LIBRARY_PATH=/home/ethanhs/python3-android/sdk/android-ndk-r12/toolchains/arm-linux-androideabi-4.9/prebuilt/linux-x86_64/bin/../lib/gcc/arm-linux-androideabi/4.9.x/:/home/ethanhs/python3-android/sdk/android-ndk-r12/toolchains/arm-linux-androideabi-4.9/prebuilt/linux-x86_64/bin/../lib/gcc/:/home/ethanhs/python3-android/sdk/android-ndk-r12/toolchains/arm-linux-androideabi-4.9/prebuilt/linux-x86_64/bin/../lib/gcc/arm-linux-androideabi/4.9.x/../../../../arm-linux-androideabi/lib/:/home/ethanhs/python3-android/sdk/android-ndk-r12/platforms/android-21/arch-arm/usr/lib/]
  ignore line: [COLLECT_GCC_OPTIONS='-D' 'ANDROID' '-mandroid' '-fomit-frame-pointer' '-pipe' '-L/home/ethanhs/android-pyside-build-scripts/stage/lib' '-L/home/ethanhs/python3-android/sdk/android-ndk-r12/sources/cxx-stl/gnu-libstdc++/4.9/libs/armeabi' '-L/home/ethanhs/python3-android/build/12-21-arm-linux-androideabi-4.9/lib' '-shared' '-Wno-strict-aliasing' '-L/home/ethanhs/Qt5.5.1/5.5/android_armv7/lib' '-L/home/ethanhs/android-pyside-build-scripts/stage/lib/libshiboken2.cpython-35m.so' '-v' '-o' 'cmTC_b9275' '-rdynamic' '-march=armv5te' '-mfloat-abi=soft' '-mfpu=vfp' '-mtls-dialect=gnu']
  link line: [ /home/ethanhs/python3-android/sdk/android-ndk-r12/toolchains/arm-linux-androideabi-4.9/prebuilt/linux-x86_64/bin/../libexec/gcc/arm-linux-androideabi/4.9.x/collect2 -plugin /home/ethanhs/python3-android/sdk/android-ndk-r12/toolchains/arm-linux-androideabi-4.9/prebuilt/linux-x86_64/bin/../libexec/gcc/arm-linux-androideabi/4.9.x/liblto_plugin.so -plugin-opt=/home/ethanhs/python3-android/sdk/android-ndk-r12/toolchains/arm-linux-androideabi-4.9/prebuilt/linux-x86_64/bin/../libexec/gcc/arm-linux-androideabi/4.9.x/lto-wrapper -plugin-opt=-fresolution=/tmp/ccW8YKAw.res -plugin-opt=-pass-through=-lgcc -plugin-opt=-pass-through=-lc -plugin-opt=-pass-through=-ldl -plugin-opt=-pass-through=-lgcc --sysroot=/home/ethanhs/python3-android/sdk/android-ndk-r12/platforms/android-21/arch-arm --eh-frame-hdr -shared -export-dynamic -dynamic-linker /system/bin/linker -X -m armelf_linux_eabi -Bsymbolic -z noexecstack -z relro -z now -o cmTC_b9275 /home/ethanhs/python3-android/sdk/android-ndk-r12/platforms/android-21/arch-arm/usr/lib/crtbegin_so.o -L/home/ethanhs/android-pyside-build-scripts/stage/lib -L/home/ethanhs/python3-android/sdk/android-ndk-r12/sources/cxx-stl/gnu-libstdc++/4.9/libs/armeabi -L/home/ethanhs/python3-android/build/12-21-arm-linux-androideabi-4.9/lib -L/home/ethanhs/Qt5.5.1/5.5/android_armv7/lib -L/home/ethanhs/android-pyside-build-scripts/stage/lib/libshiboken2.cpython-35m.so -L/home/ethanhs/python3-android/sdk/android-ndk-r12/toolchains/arm-linux-androideabi-4.9/prebuilt/linux-x86_64/bin/../lib/gcc/arm-linux-androideabi/4.9.x -L/home/ethanhs/python3-android/sdk/android-ndk-r12/toolchains/arm-linux-androideabi-4.9/prebuilt/linux-x86_64/bin/../lib/gcc -L/home/ethanhs/python3-android/sdk/android-ndk-r12/toolchains/arm-linux-androideabi-4.9/prebuilt/linux-x86_64/bin/../lib/gcc/arm-linux-androideabi/4.9.x/../../../../arm-linux-androideabi/lib -L/home/ethanhs/python3-android/sdk/android-ndk-r12/platforms/android-21/arch-arm/usr/lib -O1 -z noexecstack -shared -Bsymbolic --no-whole-archive -lQt5Core -lpython3.5m -lstdc++ -lsupc++ -lgcc -llog -lz -lm -ldl -lc -lshiboken2.cpython-35m -lQt5Core CMakeFiles/cmTC_b9275.dir/CMakeCCompilerABI.c.o -lgcc -lc -ldl -lgcc /home/ethanhs/python3-android/sdk/android-ndk-r12/platforms/android-21/arch-arm/usr/lib/crtend_so.o]
    arg [/home/ethanhs/python3-android/sdk/android-ndk-r12/toolchains/arm-linux-androideabi-4.9/prebuilt/linux-x86_64/bin/../libexec/gcc/arm-linux-androideabi/4.9.x/collect2] ==> ignore
    arg [-plugin] ==> ignore
    arg [/home/ethanhs/python3-android/sdk/android-ndk-r12/toolchains/arm-linux-androideabi-4.9/prebuilt/linux-x86_64/bin/../libexec/gcc/arm-linux-androideabi/4.9.x/liblto_plugin.so] ==> ignore
    arg [-plugin-opt=/home/ethanhs/python3-android/sdk/android-ndk-r12/toolchains/arm-linux-androideabi-4.9/prebuilt/linux-x86_64/bin/../libexec/gcc/arm-linux-androideabi/4.9.x/lto-wrapper] ==> ignore
    arg [-plugin-opt=-fresolution=/tmp/ccW8YKAw.res] ==> ignore
    arg [-plugin-opt=-pass-through=-lgcc] ==> ignore
    arg [-plugin-opt=-pass-through=-lc] ==> ignore
    arg [-plugin-opt=-pass-through=-ldl] ==> ignore
    arg [-plugin-opt=-pass-through=-lgcc] ==> ignore
    arg [--sysroot=/home/ethanhs/python3-android/sdk/android-ndk-r12/platforms/android-21/arch-arm] ==> ignore
    arg [--eh-frame-hdr] ==> ignore
    arg [-shared] ==> ignore
    arg [-export-dynamic] ==> ignore
    arg [-dynamic-linker] ==> ignore
    arg [/system/bin/linker] ==> ignore
    arg [-X] ==> ignore
    arg [-m] ==> ignore
    arg [armelf_linux_eabi] ==> ignore
    arg [-Bsymbolic] ==> ignore
    arg [-znoexecstack] ==> ignore
    arg [-zrelro] ==> ignore
    arg [-znow] ==> ignore
    arg [-o] ==> ignore
    arg [cmTC_b9275] ==> ignore
    arg [/home/ethanhs/python3-android/sdk/android-ndk-r12/platforms/android-21/arch-arm/usr/lib/crtbegin_so.o] ==> ignore
    arg [-L/home/ethanhs/android-pyside-build-scripts/stage/lib] ==> dir [/home/ethanhs/android-pyside-build-scripts/stage/lib]
    arg [-L/home/ethanhs/python3-android/sdk/android-ndk-r12/sources/cxx-stl/gnu-libstdc++/4.9/libs/armeabi] ==> dir [/home/ethanhs/python3-android/sdk/android-ndk-r12/sources/cxx-stl/gnu-libstdc++/4.9/libs/armeabi]
    arg [-L/home/ethanhs/python3-android/build/12-21-arm-linux-androideabi-4.9/lib] ==> dir [/home/ethanhs/python3-android/build/12-21-arm-linux-androideabi-4.9/lib]
    arg [-L/home/ethanhs/Qt5.5.1/5.5/android_armv7/lib] ==> dir [/home/ethanhs/Qt5.5.1/5.5/android_armv7/lib]
    arg [-L/home/ethanhs/android-pyside-build-scripts/stage/lib/libshiboken2.cpython-35m.so] ==> dir [/home/ethanhs/android-pyside-build-scripts/stage/lib/libshiboken2.cpython-35m.so]
    arg [-L/home/ethanhs/python3-android/sdk/android-ndk-r12/toolchains/arm-linux-androideabi-4.9/prebuilt/linux-x86_64/bin/../lib/gcc/arm-linux-androideabi/4.9.x] ==> dir [/home/ethanhs/python3-android/sdk/android-ndk-r12/toolchains/arm-linux-androideabi-4.9/prebuilt/linux-x86_64/bin/../lib/gcc/arm-linux-androideabi/4.9.x]
    arg [-L/home/ethanhs/python3-android/sdk/android-ndk-r12/toolchains/arm-linux-androideabi-4.9/prebuilt/linux-x86_64/bin/../lib/gcc] ==> dir [/home/ethanhs/python3-android/sdk/android-ndk-r12/toolchains/arm-linux-androideabi-4.9/prebuilt/linux-x86_64/bin/../lib/gcc]
    arg [-L/home/ethanhs/python3-android/sdk/android-ndk-r12/toolchains/arm-linux-androideabi-4.9/prebuilt/linux-x86_64/bin/../lib/gcc/arm-linux-androideabi/4.9.x/../../../../arm-linux-androideabi/lib] ==> dir [/home/ethanhs/python3-android/sdk/android-ndk-r12/toolchains/arm-linux-androideabi-4.9/prebuilt/linux-x86_64/bin/../lib/gcc/arm-linux-androideabi/4.9.x/../../../../arm-linux-androideabi/lib]
    arg [-L/home/ethanhs/python3-android/sdk/android-ndk-r12/platforms/android-21/arch-arm/usr/lib] ==> dir [/home/ethanhs/python3-android/sdk/android-ndk-r12/platforms/android-21/arch-arm/usr/lib]
    arg [-O1] ==> ignore
    arg [-znoexecstack] ==> ignore
    arg [-shared] ==> ignore
    arg [-Bsymbolic] ==> ignore
    arg [--no-whole-archive] ==> ignore
    arg [-lQt5Core] ==> lib [Qt5Core]
    arg [-lpython3.5m] ==> lib [python3.5m]
    arg [-lstdc++] ==> lib [stdc++]
    arg [-lsupc++] ==> lib [supc++]
    arg [-lgcc] ==> lib [gcc]
    arg [-llog] ==> lib [log]
    arg [-lz] ==> lib [z]
    arg [-lm] ==> lib [m]
    arg [-ldl] ==> lib [dl]
    arg [-lc] ==> lib [c]
    arg [-lshiboken2.cpython-35m] ==> lib [shiboken2.cpython-35m]
    arg [-lQt5Core] ==> lib [Qt5Core]
    arg [CMakeFiles/cmTC_b9275.dir/CMakeCCompilerABI.c.o] ==> ignore
    arg [-lgcc] ==> lib [gcc]
    arg [-lc] ==> lib [c]
    arg [-ldl] ==> lib [dl]
    arg [-lgcc] ==> lib [gcc]
    arg [/home/ethanhs/python3-android/sdk/android-ndk-r12/platforms/android-21/arch-arm/usr/lib/crtend_so.o] ==> ignore
  remove lib [gcc]
  remove lib [gcc]
  remove lib [gcc]
  collapse library dir [/home/ethanhs/android-pyside-build-scripts/stage/lib] ==> [/home/ethanhs/android-pyside-build-scripts/stage/lib]
  collapse library dir [/home/ethanhs/python3-android/sdk/android-ndk-r12/sources/cxx-stl/gnu-libstdc++/4.9/libs/armeabi] ==> [/home/ethanhs/python3-android/sdk/android-ndk-r12/sources/cxx-stl/gnu-libstdc++/4.9/libs/armeabi]
  collapse library dir [/home/ethanhs/python3-android/build/12-21-arm-linux-androideabi-4.9/lib] ==> [/home/ethanhs/python3-android/build/12-21-arm-linux-androideabi-4.9/lib]
  collapse library dir [/home/ethanhs/Qt5.5.1/5.5/android_armv7/lib] ==> [/home/ethanhs/Qt5.5.1/5.5/android_armv7/lib]
  collapse library dir [/home/ethanhs/android-pyside-build-scripts/stage/lib/libshiboken2.cpython-35m.so] ==> [/home/ethanhs/android-pyside-build-scripts/stage/lib/libshiboken2.cpython-35m.so]
  collapse library dir [/home/ethanhs/python3-android/sdk/android-ndk-r12/toolchains/arm-linux-androideabi-4.9/prebuilt/linux-x86_64/bin/../lib/gcc/arm-linux-androideabi/4.9.x] ==> [/home/ethanhs/python3-android/sdk/android-ndk-r12/toolchains/arm-linux-androideabi-4.9/prebuilt/linux-x86_64/lib/gcc/arm-linux-androideabi/4.9.x]
  collapse library dir [/home/ethanhs/python3-android/sdk/android-ndk-r12/toolchains/arm-linux-androideabi-4.9/prebuilt/linux-x86_64/bin/../lib/gcc] ==> [/home/ethanhs/python3-android/sdk/android-ndk-r12/toolchains/arm-linux-androideabi-4.9/prebuilt/linux-x86_64/lib/gcc]
  collapse library dir [/home/ethanhs/python3-android/sdk/android-ndk-r12/toolchains/arm-linux-androideabi-4.9/prebuilt/linux-x86_64/bin/../lib/gcc/arm-linux-androideabi/4.9.x/../../../../arm-linux-androideabi/lib] ==> [/home/ethanhs/python3-android/sdk/android-ndk-r12/toolchains/arm-linux-androideabi-4.9/prebuilt/linux-x86_64/arm-linux-androideabi/lib]
  collapse library dir [/home/ethanhs/python3-android/sdk/android-ndk-r12/platforms/android-21/arch-arm/usr/lib] ==> [/home/ethanhs/python3-android/sdk/android-ndk-r12/platforms/android-21/arch-arm/usr/lib]
  implicit libs: [Qt5Core;python3.5m;stdc++;supc++;log;z;m;dl;c;shiboken2.cpython-35m;Qt5Core;c;dl]
  implicit dirs: [/home/ethanhs/android-pyside-build-scripts/stage/lib;/home/ethanhs/python3-android/sdk/android-ndk-r12/sources/cxx-stl/gnu-libstdc++/4.9/libs/armeabi;/home/ethanhs/python3-android/build/12-21-arm-linux-androideabi-4.9/lib;/home/ethanhs/Qt5.5.1/5.5/android_armv7/lib;/home/ethanhs/android-pyside-build-scripts/stage/lib/libshiboken2.cpython-35m.so;/home/ethanhs/python3-android/sdk/android-ndk-r12/toolchains/arm-linux-androideabi-4.9/prebuilt/linux-x86_64/lib/gcc/arm-linux-androideabi/4.9.x;/home/ethanhs/python3-android/sdk/android-ndk-r12/toolchains/arm-linux-androideabi-4.9/prebuilt/linux-x86_64/lib/gcc;/home/ethanhs/python3-android/sdk/android-ndk-r12/toolchains/arm-linux-androideabi-4.9/prebuilt/linux-x86_64/arm-linux-androideabi/lib;/home/ethanhs/python3-android/sdk/android-ndk-r12/platforms/android-21/arch-arm/usr/lib]
  implicit fwks: []




Detecting C [-std=c11] compiler features compiled with the following output:
Change Dir: /home/ethanhs/android-pyside-build-scripts/pyside-build/CMakeFiles/CMakeTmp

Run Build Command:"/usr/bin/make" "cmTC_38434/fast"
/usr/bin/make -f CMakeFiles/cmTC_38434.dir/build.make CMakeFiles/cmTC_38434.dir/build
make[1]: Entering directory '/home/ethanhs/android-pyside-build-scripts/pyside-build/CMakeFiles/CMakeTmp'
Building C object CMakeFiles/cmTC_38434.dir/feature_tests.c.o
/home/ethanhs/python3-android/sdk/android-ndk-r12/toolchains/arm-linux-androideabi-4.9/prebuilt/linux-x86_64/bin/arm-linux-androideabi-gcc    -DANDROID -mandroid -fomit-frame-pointer -pipe --sysroot /home/ethanhs/python3-android/sdk/android-ndk-r12/platforms/android-21/arch-arm     -std=c11 -o CMakeFiles/cmTC_38434.dir/feature_tests.c.o   -c /home/ethanhs/android-pyside-build-scripts/pyside-build/CMakeFiles/feature_tests.c
Linking C executable cmTC_38434
/usr/bin/cmake -E cmake_link_script CMakeFiles/cmTC_38434.dir/link.txt --verbose=1
/home/ethanhs/python3-android/sdk/android-ndk-r12/toolchains/arm-linux-androideabi-4.9/prebuilt/linux-x86_64/bin/arm-linux-androideabi-gcc  -DANDROID -mandroid -fomit-frame-pointer -pipe --sysroot /home/ethanhs/python3-android/sdk/android-ndk-r12/platforms/android-21/arch-arm     -L/home/ethanhs/android-pyside-build-scripts/stage/lib -L/home/ethanhs/python3-android/sdk/android-ndk-r12/sources/cxx-stl/gnu-libstdc++/4.9/libs/armeabi -L/home/ethanhs/python3-android/build/12-21-arm-linux-androideabi-4.9/lib -shared -Wno-strict-aliasing -Wl,-O1 -Wl,-z,noexecstack -Wl,-shared,-Bsymbolic -Wl,--no-whole-archive -L/home/ethanhs/Qt5.5.1/5.5/android_armv7/lib -lQt5Core -lpython3.5m -lstdc++ -lsupc++ -lgcc -llog -lz -lm -ldl -lc --sysroot /home/ethanhs/python3-android/sdk/android-ndk-r12/platforms/android-21/arch-arm -L/home/ethanhs/android-pyside-build-scripts/stage/lib/libshiboken2.cpython-35m.so -lshiboken2.cpython-35m -lQt5Core  CMakeFiles/cmTC_38434.dir/feature_tests.c.o  -o cmTC_38434 -rdynamic 
make[1]: Leaving directory '/home/ethanhs/android-pyside-build-scripts/pyside-build/CMakeFiles/CMakeTmp'


    Feature record: C_FEATURE:1c_function_prototypes
    Feature record: C_FEATURE:1c_restrict
    Feature record: C_FEATURE:1c_static_assert
    Feature record: C_FEATURE:1c_variadic_macros


Detecting C [-std=c99] compiler features compiled with the following output:
Change Dir: /home/ethanhs/android-pyside-build-scripts/pyside-build/CMakeFiles/CMakeTmp

Run Build Command:"/usr/bin/make" "cmTC_26dca/fast"
/usr/bin/make -f CMakeFiles/cmTC_26dca.dir/build.make CMakeFiles/cmTC_26dca.dir/build
make[1]: Entering directory '/home/ethanhs/android-pyside-build-scripts/pyside-build/CMakeFiles/CMakeTmp'
Building C object CMakeFiles/cmTC_26dca.dir/feature_tests.c.o
/home/ethanhs/python3-android/sdk/android-ndk-r12/toolchains/arm-linux-androideabi-4.9/prebuilt/linux-x86_64/bin/arm-linux-androideabi-gcc    -DANDROID -mandroid -fomit-frame-pointer -pipe --sysroot /home/ethanhs/python3-android/sdk/android-ndk-r12/platforms/android-21/arch-arm     -std=c99 -o CMakeFiles/cmTC_26dca.dir/feature_tests.c.o   -c /home/ethanhs/android-pyside-build-scripts/pyside-build/CMakeFiles/feature_tests.c
Linking C executable cmTC_26dca
/usr/bin/cmake -E cmake_link_script CMakeFiles/cmTC_26dca.dir/link.txt --verbose=1
/home/ethanhs/python3-android/sdk/android-ndk-r12/toolchains/arm-linux-androideabi-4.9/prebuilt/linux-x86_64/bin/arm-linux-androideabi-gcc  -DANDROID -mandroid -fomit-frame-pointer -pipe --sysroot /home/ethanhs/python3-android/sdk/android-ndk-r12/platforms/android-21/arch-arm     -L/home/ethanhs/android-pyside-build-scripts/stage/lib -L/home/ethanhs/python3-android/sdk/android-ndk-r12/sources/cxx-stl/gnu-libstdc++/4.9/libs/armeabi -L/home/ethanhs/python3-android/build/12-21-arm-linux-androideabi-4.9/lib -shared -Wno-strict-aliasing -Wl,-O1 -Wl,-z,noexecstack -Wl,-shared,-Bsymbolic -Wl,--no-whole-archive -L/home/ethanhs/Qt5.5.1/5.5/android_armv7/lib -lQt5Core -lpython3.5m -lstdc++ -lsupc++ -lgcc -llog -lz -lm -ldl -lc --sysroot /home/ethanhs/python3-android/sdk/android-ndk-r12/platforms/android-21/arch-arm -L/home/ethanhs/android-pyside-build-scripts/stage/lib/libshiboken2.cpython-35m.so -lshiboken2.cpython-35m -lQt5Core  CMakeFiles/cmTC_26dca.dir/feature_tests.c.o  -o cmTC_26dca -rdynamic 
make[1]: Leaving directory '/home/ethanhs/android-pyside-build-scripts/pyside-build/CMakeFiles/CMakeTmp'


    Feature record: C_FEATURE:1c_function_prototypes
    Feature record: C_FEATURE:1c_restrict
    Feature record: C_FEATURE:0c_static_assert
    Feature record: C_FEATURE:1c_variadic_macros


Detecting C [-std=c90] compiler features compiled with the following output:
Change Dir: /home/ethanhs/android-pyside-build-scripts/pyside-build/CMakeFiles/CMakeTmp

Run Build Command:"/usr/bin/make" "cmTC_198a9/fast"
/usr/bin/make -f CMakeFiles/cmTC_198a9.dir/build.make CMakeFiles/cmTC_198a9.dir/build
make[1]: Entering directory '/home/ethanhs/android-pyside-build-scripts/pyside-build/CMakeFiles/CMakeTmp'
Building C object CMakeFiles/cmTC_198a9.dir/feature_tests.c.o
/home/ethanhs/python3-android/sdk/android-ndk-r12/toolchains/arm-linux-androideabi-4.9/prebuilt/linux-x86_64/bin/arm-linux-androideabi-gcc    -DANDROID -mandroid -fomit-frame-pointer -pipe --sysroot /home/ethanhs/python3-android/sdk/android-ndk-r12/platforms/android-21/arch-arm     -std=c90 -o CMakeFiles/cmTC_198a9.dir/feature_tests.c.o   -c /home/ethanhs/android-pyside-build-scripts/pyside-build/CMakeFiles/feature_tests.c
Linking C executable cmTC_198a9
/usr/bin/cmake -E cmake_link_script CMakeFiles/cmTC_198a9.dir/link.txt --verbose=1
/home/ethanhs/python3-android/sdk/android-ndk-r12/toolchains/arm-linux-androideabi-4.9/prebuilt/linux-x86_64/bin/arm-linux-androideabi-gcc  -DANDROID -mandroid -fomit-frame-pointer -pipe --sysroot /home/ethanhs/python3-android/sdk/android-ndk-r12/platforms/android-21/arch-arm     -L/home/ethanhs/android-pyside-build-scripts/stage/lib -L/home/ethanhs/python3-android/sdk/android-ndk-r12/sources/cxx-stl/gnu-libstdc++/4.9/libs/armeabi -L/home/ethanhs/python3-android/build/12-21-arm-linux-androideabi-4.9/lib -shared -Wno-strict-aliasing -Wl,-O1 -Wl,-z,noexecstack -Wl,-shared,-Bsymbolic -Wl,--no-whole-archive -L/home/ethanhs/Qt5.5.1/5.5/android_armv7/lib -lQt5Core -lpython3.5m -lstdc++ -lsupc++ -lgcc -llog -lz -lm -ldl -lc --sysroot /home/ethanhs/python3-android/sdk/android-ndk-r12/platforms/android-21/arch-arm -L/home/ethanhs/android-pyside-build-scripts/stage/lib/libshiboken2.cpython-35m.so -lshiboken2.cpython-35m -lQt5Core  CMakeFiles/cmTC_198a9.dir/feature_tests.c.o  -o cmTC_198a9 -rdynamic 
make[1]: Leaving directory '/home/ethanhs/android-pyside-build-scripts/pyside-build/CMakeFiles/CMakeTmp'


    Feature record: C_FEATURE:1c_function_prototypes
    Feature record: C_FEATURE:0c_restrict
    Feature record: C_FEATURE:0c_static_assert
    Feature record: C_FEATURE:0c_variadic_macros
Determining if the CXX compiler works passed with the following output:
Change Dir: /home/ethanhs/android-pyside-build-scripts/pyside-build/CMakeFiles/CMakeTmp

Run Build Command:"/usr/bin/make" "cmTC_13b36/fast"
/usr/bin/make -f CMakeFiles/cmTC_13b36.dir/build.make CMakeFiles/cmTC_13b36.dir/build
make[1]: Entering directory '/home/ethanhs/android-pyside-build-scripts/pyside-build/CMakeFiles/CMakeTmp'
Building CXX object CMakeFiles/cmTC_13b36.dir/testCXXCompiler.cxx.o
/home/ethanhs/python3-android/sdk/android-ndk-r12/toolchains/arm-linux-androideabi-4.9/prebuilt/linux-x86_64/bin/arm-linux-androideabi-g++     -I/home/ethanhs/python3-android/sdk/android-ndk-r12/platforms/android-21/arch-arm/usr/include -DANDROID -mandroid -fomit-frame-pointer -pipe --sysroot /home/ethanhs/python3-android/sdk/android-ndk-r12/platforms/android-21/arch-arm -L/home/ethanhs/python3-android/sdk/android-ndk-r12/sources/cxx-stl/gnu-libstdc++/4.9/libs/armeabi -I/home/ethanhs/python3-android/sdk/android-ndk-r12/sources/cxx-stl/gnu-libstdc++/4.9/include -I/home/ethanhs/python3-android/sdk/android-ndk-r12/sources/cxx-stl/gnu-libstdc++/4.9/libs/armeabi/include -I/home/ethanhs/python3-android/sdk/android-ndk-r12/platforms/android-21/arch-arm/usr/include -I/home/ethanhs/android-pyside-build-scripts/stage/include/shiboken -I/home/ethanhs/python3-android/build/12-21-arm-linux-androideabi-4.9/include/python3.5m -L/home/ethanhs/android-pyside-build-scripts/stage/lib -I/home/ethanhs/python3-android/sdk/android-ndk-r12/platforms/android-21/arch-arm/usr/include -I/home/ethanhs/android-pyside-build-scripts/pyside2-android/libpyside -fPIC -fvisibility=hidden -Wno-strict-aliasing -rdynamic     -o CMakeFiles/cmTC_13b36.dir/testCXXCompiler.cxx.o -c /home/ethanhs/android-pyside-build-scripts/pyside-build/CMakeFiles/CMakeTmp/testCXXCompiler.cxx
Linking CXX executable cmTC_13b36
/usr/bin/cmake -E cmake_link_script CMakeFiles/cmTC_13b36.dir/link.txt --verbose=1
/home/ethanhs/python3-android/sdk/android-ndk-r12/toolchains/arm-linux-androideabi-4.9/prebuilt/linux-x86_64/bin/arm-linux-androideabi-g++   -I/home/ethanhs/python3-android/sdk/android-ndk-r12/platforms/android-21/arch-arm/usr/include -DANDROID -mandroid -fomit-frame-pointer -pipe --sysroot /home/ethanhs/python3-android/sdk/android-ndk-r12/platforms/android-21/arch-arm -L/home/ethanhs/python3-android/sdk/android-ndk-r12/sources/cxx-stl/gnu-libstdc++/4.9/libs/armeabi -I/home/ethanhs/python3-android/sdk/android-ndk-r12/sources/cxx-stl/gnu-libstdc++/4.9/include -I/home/ethanhs/python3-android/sdk/android-ndk-r12/sources/cxx-stl/gnu-libstdc++/4.9/libs/armeabi/include -I/home/ethanhs/python3-android/sdk/android-ndk-r12/platforms/android-21/arch-arm/usr/include -I/home/ethanhs/android-pyside-build-scripts/stage/include/shiboken -I/home/ethanhs/python3-android/build/12-21-arm-linux-androideabi-4.9/include/python3.5m -L/home/ethanhs/android-pyside-build-scripts/stage/lib -I/home/ethanhs/python3-android/sdk/android-ndk-r12/platforms/android-21/arch-arm/usr/include -I/home/ethanhs/android-pyside-build-scripts/pyside2-android/libpyside -fPIC -fvisibility=hidden -Wno-strict-aliasing -rdynamic     -L/home/ethanhs/android-pyside-build-scripts/stage/lib -L/home/ethanhs/python3-android/sdk/android-ndk-r12/sources/cxx-stl/gnu-libstdc++/4.9/libs/armeabi -L/home/ethanhs/python3-android/build/12-21-arm-linux-androideabi-4.9/lib -shared -Wno-strict-aliasing -Wl,-O1 -Wl,-z,noexecstack -Wl,-shared,-Bsymbolic -Wl,--no-whole-archive -L/home/ethanhs/Qt5.5.1/5.5/android_armv7/lib -lQt5Core -lpython3.5m -lstdc++ -lsupc++ -lgcc -llog -lz -lm -ldl -lc --sysroot /home/ethanhs/python3-android/sdk/android-ndk-r12/platforms/android-21/arch-arm -L/home/ethanhs/android-pyside-build-scripts/stage/lib/libshiboken2.cpython-35m.so -lshiboken2.cpython-35m -lQt5Core  CMakeFiles/cmTC_13b36.dir/testCXXCompiler.cxx.o  -o cmTC_13b36 -rdynamic 
make[1]: Leaving directory '/home/ethanhs/android-pyside-build-scripts/pyside-build/CMakeFiles/CMakeTmp'


Detecting CXX compiler ABI info compiled with the following output:
Change Dir: /home/ethanhs/android-pyside-build-scripts/pyside-build/CMakeFiles/CMakeTmp

Run Build Command:"/usr/bin/make" "cmTC_57714/fast"
/usr/bin/make -f CMakeFiles/cmTC_57714.dir/build.make CMakeFiles/cmTC_57714.dir/build
make[1]: Entering directory '/home/ethanhs/android-pyside-build-scripts/pyside-build/CMakeFiles/CMakeTmp'
Building CXX object CMakeFiles/cmTC_57714.dir/CMakeCXXCompilerABI.cpp.o
/home/ethanhs/python3-android/sdk/android-ndk-r12/toolchains/arm-linux-androideabi-4.9/prebuilt/linux-x86_64/bin/arm-linux-androideabi-g++     -I/home/ethanhs/python3-android/sdk/android-ndk-r12/platforms/android-21/arch-arm/usr/include -DANDROID -mandroid -fomit-frame-pointer -pipe --sysroot /home/ethanhs/python3-android/sdk/android-ndk-r12/platforms/android-21/arch-arm -L/home/ethanhs/python3-android/sdk/android-ndk-r12/sources/cxx-stl/gnu-libstdc++/4.9/libs/armeabi -I/home/ethanhs/python3-android/sdk/android-ndk-r12/sources/cxx-stl/gnu-libstdc++/4.9/include -I/home/ethanhs/python3-android/sdk/android-ndk-r12/sources/cxx-stl/gnu-libstdc++/4.9/libs/armeabi/include -I/home/ethanhs/python3-android/sdk/android-ndk-r12/platforms/android-21/arch-arm/usr/include -I/home/ethanhs/android-pyside-build-scripts/stage/include/shiboken -I/home/ethanhs/python3-android/build/12-21-arm-linux-androideabi-4.9/include/python3.5m -L/home/ethanhs/android-pyside-build-scripts/stage/lib -I/home/ethanhs/python3-android/sdk/android-ndk-r12/platforms/android-21/arch-arm/usr/include -I/home/ethanhs/android-pyside-build-scripts/pyside2-android/libpyside -fPIC -fvisibility=hidden -Wno-strict-aliasing -rdynamic     -o CMakeFiles/cmTC_57714.dir/CMakeCXXCompilerABI.cpp.o -c /usr/share/cmake-3.5/Modules/CMakeCXXCompilerABI.cpp
Linking CXX executable cmTC_57714
/usr/bin/cmake -E cmake_link_script CMakeFiles/cmTC_57714.dir/link.txt --verbose=1
/home/ethanhs/python3-android/sdk/android-ndk-r12/toolchains/arm-linux-androideabi-4.9/prebuilt/linux-x86_64/bin/arm-linux-androideabi-g++   -I/home/ethanhs/python3-android/sdk/android-ndk-r12/platforms/android-21/arch-arm/usr/include -DANDROID -mandroid -fomit-frame-pointer -pipe --sysroot /home/ethanhs/python3-android/sdk/android-ndk-r12/platforms/android-21/arch-arm -L/home/ethanhs/python3-android/sdk/android-ndk-r12/sources/cxx-stl/gnu-libstdc++/4.9/libs/armeabi -I/home/ethanhs/python3-android/sdk/android-ndk-r12/sources/cxx-stl/gnu-libstdc++/4.9/include -I/home/ethanhs/python3-android/sdk/android-ndk-r12/sources/cxx-stl/gnu-libstdc++/4.9/libs/armeabi/include -I/home/ethanhs/python3-android/sdk/android-ndk-r12/platforms/android-21/arch-arm/usr/include -I/home/ethanhs/android-pyside-build-scripts/stage/include/shiboken -I/home/ethanhs/python3-android/build/12-21-arm-linux-androideabi-4.9/include/python3.5m -L/home/ethanhs/android-pyside-build-scripts/stage/lib -I/home/ethanhs/python3-android/sdk/android-ndk-r12/platforms/android-21/arch-arm/usr/include -I/home/ethanhs/android-pyside-build-scripts/pyside2-android/libpyside -fPIC -fvisibility=hidden -Wno-strict-aliasing -rdynamic     -L/home/ethanhs/android-pyside-build-scripts/stage/lib -L/home/ethanhs/python3-android/sdk/android-ndk-r12/sources/cxx-stl/gnu-libstdc++/4.9/libs/armeabi -L/home/ethanhs/python3-android/build/12-21-arm-linux-androideabi-4.9/lib -shared -Wno-strict-aliasing -Wl,-O1 -Wl,-z,noexecstack -Wl,-shared,-Bsymbolic -Wl,--no-whole-archive -L/home/ethanhs/Qt5.5.1/5.5/android_armv7/lib -lQt5Core -lpython3.5m -lstdc++ -lsupc++ -lgcc -llog -lz -lm -ldl -lc --sysroot /home/ethanhs/python3-android/sdk/android-ndk-r12/platforms/android-21/arch-arm -L/home/ethanhs/android-pyside-build-scripts/stage/lib/libshiboken2.cpython-35m.so -lshiboken2.cpython-35m -lQt5Core -v CMakeFiles/cmTC_57714.dir/CMakeCXXCompilerABI.cpp.o  -o cmTC_57714 -rdynamic  
Using built-in specs.
COLLECT_GCC=/home/ethanhs/python3-android/sdk/android-ndk-r12/toolchains/arm-linux-androideabi-4.9/prebuilt/linux-x86_64/bin/arm-linux-androideabi-g++
COLLECT_LTO_WRAPPER=/home/ethanhs/python3-android/sdk/android-ndk-r12/toolchains/arm-linux-androideabi-4.9/prebuilt/linux-x86_64/bin/../libexec/gcc/arm-linux-androideabi/4.9.x/lto-wrapper
Target: arm-linux-androideabi
Configured with: /usr/local/google/buildbot/src/android/gcc/toolchain/build/../gcc/gcc-4.9/configure --prefix=/tmp/59719db9ae19ff43aef46bbcb79596b6 --target=arm-linux-androideabi --host=x86_64-linux-gnu --build=x86_64-linux-gnu --with-gnu-as --with-gnu-ld --enable-languages=c,c++ --with-gmp=/buildbot/tmp/build/toolchain/temp-install --with-mpfr=/buildbot/tmp/build/toolchain/temp-install --with-mpc=/buildbot/tmp/build/toolchain/temp-install --with-cloog=/buildbot/tmp/build/toolchain/temp-install --with-isl=/buildbot/tmp/build/toolchain/temp-install --with-ppl=/buildbot/tmp/build/toolchain/temp-install --disable-ppl-version-check --disable-cloog-version-check --disable-isl-version-check --enable-cloog-backend=isl --with-host-libstdcxx='-static-libgcc -Wl,-Bstatic,-lstdc++,-Bdynamic -lm' --disable-libssp --enable-threads --disable-nls --disable-libmudflap --disable-libgomp --disable-libstdc__-v3 --disable-sjlj-exceptions --disable-shared --disable-tls --disable-libitm --with-float=soft --with-fpu=vfp --with-arch=armv5te --enable-target-optspace --enable-bionic-libs --enable-libatomic-ifuncs=no --enable-initfini-array --disable-nls --prefix=/tmp/59719db9ae19ff43aef46bbcb79596b6 --with-sysroot=/tmp/59719db9ae19ff43aef46bbcb79596b6/sysroot --with-binutils-version=2.25 --with-mpfr-version=3.1.1 --with-mpc-version=1.0.1 --with-gmp-version=5.0.5 --with-gcc-version=4.9 --with-gdb-version=none --with-gxx-include-dir=/tmp/59719db9ae19ff43aef46bbcb79596b6/include/c++/4.9.x --with-bugurl=http://source.android.com/source/report-bugs.html --enable-languages=c,c++ --disable-bootstrap --enable-plugins --enable-libgomp --enable-gnu-indirect-function --disable-libsanitizer --enable-gold --enable-threads --enable-eh-frame-hdr-for-static --enable-graphite=yes --with-isl-version=0.11.1 --with-cloog-version=0.18.0 --with-arch=armv5te --program-transform-name='s&^&arm-linux-androideabi-&' --enable-gold=default
Thread model: posix
gcc version 4.9.x 20150123 (prerelease) (GCC) 
COMPILER_PATH=/home/ethanhs/python3-android/sdk/android-ndk-r12/toolchains/arm-linux-androideabi-4.9/prebuilt/linux-x86_64/bin/../libexec/gcc/arm-linux-androideabi/4.9.x/:/home/ethanhs/python3-android/sdk/android-ndk-r12/toolchains/arm-linux-androideabi-4.9/prebuilt/linux-x86_64/bin/../libexec/gcc/:/home/ethanhs/python3-android/sdk/android-ndk-r12/toolchains/arm-linux-androideabi-4.9/prebuilt/linux-x86_64/bin/../lib/gcc/arm-linux-androideabi/4.9.x/../../../../arm-linux-androideabi/bin/
LIBRARY_PATH=/home/ethanhs/python3-android/sdk/android-ndk-r12/toolchains/arm-linux-androideabi-4.9/prebuilt/linux-x86_64/bin/../lib/gcc/arm-linux-androideabi/4.9.x/:/home/ethanhs/python3-android/sdk/android-ndk-r12/toolchains/arm-linux-androideabi-4.9/prebuilt/linux-x86_64/bin/../lib/gcc/:/home/ethanhs/python3-android/sdk/android-ndk-r12/toolchains/arm-linux-androideabi-4.9/prebuilt/linux-x86_64/bin/../lib/gcc/arm-linux-androideabi/4.9.x/../../../../arm-linux-androideabi/lib/:/home/ethanhs/python3-android/sdk/android-ndk-r12/platforms/android-21/arch-arm/usr/lib/
COLLECT_GCC_OPTIONS='-I' '/home/ethanhs/python3-android/sdk/android-ndk-r12/platforms/android-21/arch-arm/usr/include' '-D' 'ANDROID' '-mandroid' '-fomit-frame-pointer' '-pipe' '-L/home/ethanhs/python3-android/sdk/android-ndk-r12/sources/cxx-stl/gnu-libstdc++/4.9/libs/armeabi' '-I' '/home/ethanhs/python3-android/sdk/android-ndk-r12/sources/cxx-stl/gnu-libstdc++/4.9/include' '-I' '/home/ethanhs/python3-android/sdk/android-ndk-r12/sources/cxx-stl/gnu-libstdc++/4.9/libs/armeabi/include' '-I' '/home/ethanhs/python3-android/sdk/android-ndk-r12/platforms/android-21/arch-arm/usr/include' '-I' '/home/ethanhs/android-pyside-build-scripts/stage/include/shiboken' '-I' '/home/ethanhs/python3-android/build/12-21-arm-linux-androideabi-4.9/include/python3.5m' '-L/home/ethanhs/android-pyside-build-scripts/stage/lib' '-I' '/home/ethanhs/python3-android/sdk/android-ndk-r12/platforms/android-21/arch-arm/usr/include' '-I' '/home/ethanhs/android-pyside-build-scripts/pyside2-android/libpyside' '-fPIC' '-fvisibility=hidden' '-rdynamic' '-L/home/ethanhs/android-pyside-build-scripts/stage/lib' '-L/home/ethanhs/python3-android/sdk/android-ndk-r12/sources/cxx-stl/gnu-libstdc++/4.9/libs/armeabi' '-L/home/ethanhs/python3-android/build/12-21-arm-linux-androideabi-4.9/lib' '-shared' '-Wno-strict-aliasing' '-L/home/ethanhs/Qt5.5.1/5.5/android_armv7/lib' '-L/home/ethanhs/android-pyside-build-scripts/stage/lib/libshiboken2.cpython-35m.so' '-v' '-o' 'cmTC_57714' '-rdynamic' '-march=armv5te' '-mfloat-abi=soft' '-mfpu=vfp' '-mtls-dialect=gnu'
 /home/ethanhs/python3-android/sdk/android-ndk-r12/toolchains/arm-linux-androideabi-4.9/prebuilt/linux-x86_64/bin/../libexec/gcc/arm-linux-androideabi/4.9.x/collect2 -plugin /home/ethanhs/python3-android/sdk/android-ndk-r12/toolchains/arm-linux-androideabi-4.9/prebuilt/linux-x86_64/bin/../libexec/gcc/arm-linux-androideabi/4.9.x/liblto_plugin.so -plugin-opt=/home/ethanhs/python3-android/sdk/android-ndk-r12/toolchains/arm-linux-androideabi-4.9/prebuilt/linux-x86_64/bin/../libexec/gcc/arm-linux-androideabi/4.9.x/lto-wrapper -plugin-opt=-fresolution=/tmp/ccI5ygTW.res -plugin-opt=-pass-through=-lgcc -plugin-opt=-pass-through=-lc -plugin-opt=-pass-through=-ldl -plugin-opt=-pass-through=-lgcc --sysroot=/home/ethanhs/python3-android/sdk/android-ndk-r12/platforms/android-21/arch-arm --eh-frame-hdr -shared -export-dynamic -dynamic-linker /system/bin/linker -X -m armelf_linux_eabi -Bsymbolic -z noexecstack -z relro -z now -o cmTC_57714 /home/ethanhs/python3-android/sdk/android-ndk-r12/platforms/android-21/arch-arm/usr/lib/crtbegin_so.o -L/home/ethanhs/python3-android/sdk/android-ndk-r12/sources/cxx-stl/gnu-libstdc++/4.9/libs/armeabi -L/home/ethanhs/android-pyside-build-scripts/stage/lib -L/home/ethanhs/android-pyside-build-scripts/stage/lib -L/home/ethanhs/python3-android/sdk/android-ndk-r12/sources/cxx-stl/gnu-libstdc++/4.9/libs/armeabi -L/home/ethanhs/python3-android/build/12-21-arm-linux-androideabi-4.9/lib -L/home/ethanhs/Qt5.5.1/5.5/android_armv7/lib -L/home/ethanhs/android-pyside-build-scripts/stage/lib/libshiboken2.cpython-35m.so -L/home/ethanhs/python3-android/sdk/android-ndk-r12/toolchains/arm-linux-androideabi-4.9/prebuilt/linux-x86_64/bin/../lib/gcc/arm-linux-androideabi/4.9.x -L/home/ethanhs/python3-android/sdk/android-ndk-r12/toolchains/arm-linux-androideabi-4.9/prebuilt/linux-x86_64/bin/../lib/gcc -L/home/ethanhs/python3-android/sdk/android-ndk-r12/toolchains/arm-linux-androideabi-4.9/prebuilt/linux-x86_64/bin/../lib/gcc/arm-linux-androideabi/4.9.x/../../../../arm-linux-androideabi/lib -L/home/ethanhs/python3-android/sdk/android-ndk-r12/platforms/android-21/arch-arm/usr/lib -O1 -z noexecstack -shared -Bsymbolic --no-whole-archive -lQt5Core -lpython3.5m -lstdc++ -lsupc++ -lgcc -llog -lz -ldl -lshiboken2.cpython-35m -lQt5Core CMakeFiles/cmTC_57714.dir/CMakeCXXCompilerABI.cpp.o -lstdc++ -lm -lc -lgcc -lc -ldl -lgcc /home/ethanhs/python3-android/sdk/android-ndk-r12/platforms/android-21/arch-arm/usr/lib/crtend_so.o
make[1]: Leaving directory '/home/ethanhs/android-pyside-build-scripts/pyside-build/CMakeFiles/CMakeTmp'


Parsed CXX implicit link information from above output:
  link line regex: [^( *|.*[/\])(ld|([^/\]+-)?ld|collect2)[^/\]*( |$)]
  ignore line: [Change Dir: /home/ethanhs/android-pyside-build-scripts/pyside-build/CMakeFiles/CMakeTmp]
  ignore line: []
  ignore line: [Run Build Command:"/usr/bin/make" "cmTC_57714/fast"]
  ignore line: [/usr/bin/make -f CMakeFiles/cmTC_57714.dir/build.make CMakeFiles/cmTC_57714.dir/build]
  ignore line: [make[1]: Entering directory '/home/ethanhs/android-pyside-build-scripts/pyside-build/CMakeFiles/CMakeTmp']
  ignore line: [Building CXX object CMakeFiles/cmTC_57714.dir/CMakeCXXCompilerABI.cpp.o]
  ignore line: [/home/ethanhs/python3-android/sdk/android-ndk-r12/toolchains/arm-linux-androideabi-4.9/prebuilt/linux-x86_64/bin/arm-linux-androideabi-g++     -I/home/ethanhs/python3-android/sdk/android-ndk-r12/platforms/android-21/arch-arm/usr/include -DANDROID -mandroid -fomit-frame-pointer -pipe --sysroot /home/ethanhs/python3-android/sdk/android-ndk-r12/platforms/android-21/arch-arm -L/home/ethanhs/python3-android/sdk/android-ndk-r12/sources/cxx-stl/gnu-libstdc++/4.9/libs/armeabi -I/home/ethanhs/python3-android/sdk/android-ndk-r12/sources/cxx-stl/gnu-libstdc++/4.9/include -I/home/ethanhs/python3-android/sdk/android-ndk-r12/sources/cxx-stl/gnu-libstdc++/4.9/libs/armeabi/include -I/home/ethanhs/python3-android/sdk/android-ndk-r12/platforms/android-21/arch-arm/usr/include -I/home/ethanhs/android-pyside-build-scripts/stage/include/shiboken -I/home/ethanhs/python3-android/build/12-21-arm-linux-androideabi-4.9/include/python3.5m -L/home/ethanhs/android-pyside-build-scripts/stage/lib -I/home/ethanhs/python3-android/sdk/android-ndk-r12/platforms/android-21/arch-arm/usr/include -I/home/ethanhs/android-pyside-build-scripts/pyside2-android/libpyside -fPIC -fvisibility=hidden -Wno-strict-aliasing -rdynamic     -o CMakeFiles/cmTC_57714.dir/CMakeCXXCompilerABI.cpp.o -c /usr/share/cmake-3.5/Modules/CMakeCXXCompilerABI.cpp]
  ignore line: [Linking CXX executable cmTC_57714]
  ignore line: [/usr/bin/cmake -E cmake_link_script CMakeFiles/cmTC_57714.dir/link.txt --verbose=1]
  ignore line: [/home/ethanhs/python3-android/sdk/android-ndk-r12/toolchains/arm-linux-androideabi-4.9/prebuilt/linux-x86_64/bin/arm-linux-androideabi-g++   -I/home/ethanhs/python3-android/sdk/android-ndk-r12/platforms/android-21/arch-arm/usr/include -DANDROID -mandroid -fomit-frame-pointer -pipe --sysroot /home/ethanhs/python3-android/sdk/android-ndk-r12/platforms/android-21/arch-arm -L/home/ethanhs/python3-android/sdk/android-ndk-r12/sources/cxx-stl/gnu-libstdc++/4.9/libs/armeabi -I/home/ethanhs/python3-android/sdk/android-ndk-r12/sources/cxx-stl/gnu-libstdc++/4.9/include -I/home/ethanhs/python3-android/sdk/android-ndk-r12/sources/cxx-stl/gnu-libstdc++/4.9/libs/armeabi/include -I/home/ethanhs/python3-android/sdk/android-ndk-r12/platforms/android-21/arch-arm/usr/include -I/home/ethanhs/android-pyside-build-scripts/stage/include/shiboken -I/home/ethanhs/python3-android/build/12-21-arm-linux-androideabi-4.9/include/python3.5m -L/home/ethanhs/android-pyside-build-scripts/stage/lib -I/home/ethanhs/python3-android/sdk/android-ndk-r12/platforms/android-21/arch-arm/usr/include -I/home/ethanhs/android-pyside-build-scripts/pyside2-android/libpyside -fPIC -fvisibility=hidden -Wno-strict-aliasing -rdynamic     -L/home/ethanhs/android-pyside-build-scripts/stage/lib -L/home/ethanhs/python3-android/sdk/android-ndk-r12/sources/cxx-stl/gnu-libstdc++/4.9/libs/armeabi -L/home/ethanhs/python3-android/build/12-21-arm-linux-androideabi-4.9/lib -shared -Wno-strict-aliasing -Wl,-O1 -Wl,-z,noexecstack -Wl,-shared,-Bsymbolic -Wl,--no-whole-archive -L/home/ethanhs/Qt5.5.1/5.5/android_armv7/lib -lQt5Core -lpython3.5m -lstdc++ -lsupc++ -lgcc -llog -lz -lm -ldl -lc --sysroot /home/ethanhs/python3-android/sdk/android-ndk-r12/platforms/android-21/arch-arm -L/home/ethanhs/android-pyside-build-scripts/stage/lib/libshiboken2.cpython-35m.so -lshiboken2.cpython-35m -lQt5Core -v CMakeFiles/cmTC_57714.dir/CMakeCXXCompilerABI.cpp.o  -o cmTC_57714 -rdynamic  ]
  ignore line: [Using built-in specs.]
  ignore line: [COLLECT_GCC=/home/ethanhs/python3-android/sdk/android-ndk-r12/toolchains/arm-linux-androideabi-4.9/prebuilt/linux-x86_64/bin/arm-linux-androideabi-g++]
  ignore line: [COLLECT_LTO_WRAPPER=/home/ethanhs/python3-android/sdk/android-ndk-r12/toolchains/arm-linux-androideabi-4.9/prebuilt/linux-x86_64/bin/../libexec/gcc/arm-linux-androideabi/4.9.x/lto-wrapper]
  ignore line: [Target: arm-linux-androideabi]
  ignore line: [Configured with: /usr/local/google/buildbot/src/android/gcc/toolchain/build/../gcc/gcc-4.9/configure --prefix=/tmp/59719db9ae19ff43aef46bbcb79596b6 --target=arm-linux-androideabi --host=x86_64-linux-gnu --build=x86_64-linux-gnu --with-gnu-as --with-gnu-ld --enable-languages=c,c++ --with-gmp=/buildbot/tmp/build/toolchain/temp-install --with-mpfr=/buildbot/tmp/build/toolchain/temp-install --with-mpc=/buildbot/tmp/build/toolchain/temp-install --with-cloog=/buildbot/tmp/build/toolchain/temp-install --with-isl=/buildbot/tmp/build/toolchain/temp-install --with-ppl=/buildbot/tmp/build/toolchain/temp-install --disable-ppl-version-check --disable-cloog-version-check --disable-isl-version-check --enable-cloog-backend=isl --with-host-libstdcxx='-static-libgcc -Wl,-Bstatic,-lstdc++,-Bdynamic -lm' --disable-libssp --enable-threads --disable-nls --disable-libmudflap --disable-libgomp --disable-libstdc__-v3 --disable-sjlj-exceptions --disable-shared --disable-tls --disable-libitm --with-float=soft --with-fpu=vfp --with-arch=armv5te --enable-target-optspace --enable-bionic-libs --enable-libatomic-ifuncs=no --enable-initfini-array --disable-nls --prefix=/tmp/59719db9ae19ff43aef46bbcb79596b6 --with-sysroot=/tmp/59719db9ae19ff43aef46bbcb79596b6/sysroot --with-binutils-version=2.25 --with-mpfr-version=3.1.1 --with-mpc-version=1.0.1 --with-gmp-version=5.0.5 --with-gcc-version=4.9 --with-gdb-version=none --with-gxx-include-dir=/tmp/59719db9ae19ff43aef46bbcb79596b6/include/c++/4.9.x --with-bugurl=http://source.android.com/source/report-bugs.html --enable-languages=c,c++ --disable-bootstrap --enable-plugins --enable-libgomp --enable-gnu-indirect-function --disable-libsanitizer --enable-gold --enable-threads --enable-eh-frame-hdr-for-static --enable-graphite=yes --with-isl-version=0.11.1 --with-cloog-version=0.18.0 --with-arch=armv5te --program-transform-name='s&^&arm-linux-androideabi-&' --enable-gold=default]
  ignore line: [Thread model: posix]
  ignore line: [gcc version 4.9.x 20150123 (prerelease) (GCC) ]
  ignore line: [COMPILER_PATH=/home/ethanhs/python3-android/sdk/android-ndk-r12/toolchains/arm-linux-androideabi-4.9/prebuilt/linux-x86_64/bin/../libexec/gcc/arm-linux-androideabi/4.9.x/:/home/ethanhs/python3-android/sdk/android-ndk-r12/toolchains/arm-linux-androideabi-4.9/prebuilt/linux-x86_64/bin/../libexec/gcc/:/home/ethanhs/python3-android/sdk/android-ndk-r12/toolchains/arm-linux-androideabi-4.9/prebuilt/linux-x86_64/bin/../lib/gcc/arm-linux-androideabi/4.9.x/../../../../arm-linux-androideabi/bin/]
  ignore line: [LIBRARY_PATH=/home/ethanhs/python3-android/sdk/android-ndk-r12/toolchains/arm-linux-androideabi-4.9/prebuilt/linux-x86_64/bin/../lib/gcc/arm-linux-androideabi/4.9.x/:/home/ethanhs/python3-android/sdk/android-ndk-r12/toolchains/arm-linux-androideabi-4.9/prebuilt/linux-x86_64/bin/../lib/gcc/:/home/ethanhs/python3-android/sdk/android-ndk-r12/toolchains/arm-linux-androideabi-4.9/prebuilt/linux-x86_64/bin/../lib/gcc/arm-linux-androideabi/4.9.x/../../../../arm-linux-androideabi/lib/:/home/ethanhs/python3-android/sdk/android-ndk-r12/platforms/android-21/arch-arm/usr/lib/]
  ignore line: [COLLECT_GCC_OPTIONS='-I' '/home/ethanhs/python3-android/sdk/android-ndk-r12/platforms/android-21/arch-arm/usr/include' '-D' 'ANDROID' '-mandroid' '-fomit-frame-pointer' '-pipe' '-L/home/ethanhs/python3-android/sdk/android-ndk-r12/sources/cxx-stl/gnu-libstdc++/4.9/libs/armeabi' '-I' '/home/ethanhs/python3-android/sdk/android-ndk-r12/sources/cxx-stl/gnu-libstdc++/4.9/include' '-I' '/home/ethanhs/python3-android/sdk/android-ndk-r12/sources/cxx-stl/gnu-libstdc++/4.9/libs/armeabi/include' '-I' '/home/ethanhs/python3-android/sdk/android-ndk-r12/platforms/android-21/arch-arm/usr/include' '-I' '/home/ethanhs/android-pyside-build-scripts/stage/include/shiboken' '-I' '/home/ethanhs/python3-android/build/12-21-arm-linux-androideabi-4.9/include/python3.5m' '-L/home/ethanhs/android-pyside-build-scripts/stage/lib' '-I' '/home/ethanhs/python3-android/sdk/android-ndk-r12/platforms/android-21/arch-arm/usr/include' '-I' '/home/ethanhs/android-pyside-build-scripts/pyside2-android/libpyside' '-fPIC' '-fvisibility=hidden' '-rdynamic' '-L/home/ethanhs/android-pyside-build-scripts/stage/lib' '-L/home/ethanhs/python3-android/sdk/android-ndk-r12/sources/cxx-stl/gnu-libstdc++/4.9/libs/armeabi' '-L/home/ethanhs/python3-android/build/12-21-arm-linux-androideabi-4.9/lib' '-shared' '-Wno-strict-aliasing' '-L/home/ethanhs/Qt5.5.1/5.5/android_armv7/lib' '-L/home/ethanhs/android-pyside-build-scripts/stage/lib/libshiboken2.cpython-35m.so' '-v' '-o' 'cmTC_57714' '-rdynamic' '-march=armv5te' '-mfloat-abi=soft' '-mfpu=vfp' '-mtls-dialect=gnu']
  link line: [ /home/ethanhs/python3-android/sdk/android-ndk-r12/toolchains/arm-linux-androideabi-4.9/prebuilt/linux-x86_64/bin/../libexec/gcc/arm-linux-androideabi/4.9.x/collect2 -plugin /home/ethanhs/python3-android/sdk/android-ndk-r12/toolchains/arm-linux-androideabi-4.9/prebuilt/linux-x86_64/bin/../libexec/gcc/arm-linux-androideabi/4.9.x/liblto_plugin.so -plugin-opt=/home/ethanhs/python3-android/sdk/android-ndk-r12/toolchains/arm-linux-androideabi-4.9/prebuilt/linux-x86_64/bin/../libexec/gcc/arm-linux-androideabi/4.9.x/lto-wrapper -plugin-opt=-fresolution=/tmp/ccI5ygTW.res -plugin-opt=-pass-through=-lgcc -plugin-opt=-pass-through=-lc -plugin-opt=-pass-through=-ldl -plugin-opt=-pass-through=-lgcc --sysroot=/home/ethanhs/python3-android/sdk/android-ndk-r12/platforms/android-21/arch-arm --eh-frame-hdr -shared -export-dynamic -dynamic-linker /system/bin/linker -X -m armelf_linux_eabi -Bsymbolic -z noexecstack -z relro -z now -o cmTC_57714 /home/ethanhs/python3-android/sdk/android-ndk-r12/platforms/android-21/arch-arm/usr/lib/crtbegin_so.o -L/home/ethanhs/python3-android/sdk/android-ndk-r12/sources/cxx-stl/gnu-libstdc++/4.9/libs/armeabi -L/home/ethanhs/android-pyside-build-scripts/stage/lib -L/home/ethanhs/android-pyside-build-scripts/stage/lib -L/home/ethanhs/python3-android/sdk/android-ndk-r12/sources/cxx-stl/gnu-libstdc++/4.9/libs/armeabi -L/home/ethanhs/python3-android/build/12-21-arm-linux-androideabi-4.9/lib -L/home/ethanhs/Qt5.5.1/5.5/android_armv7/lib -L/home/ethanhs/android-pyside-build-scripts/stage/lib/libshiboken2.cpython-35m.so -L/home/ethanhs/python3-android/sdk/android-ndk-r12/toolchains/arm-linux-androideabi-4.9/prebuilt/linux-x86_64/bin/../lib/gcc/arm-linux-androideabi/4.9.x -L/home/ethanhs/python3-android/sdk/android-ndk-r12/toolchains/arm-linux-androideabi-4.9/prebuilt/linux-x86_64/bin/../lib/gcc -L/home/ethanhs/python3-android/sdk/android-ndk-r12/toolchains/arm-linux-androideabi-4.9/prebuilt/linux-x86_64/bin/../lib/gcc/arm-linux-androideabi/4.9.x/../../../../arm-linux-androideabi/lib -L/home/ethanhs/python3-android/sdk/android-ndk-r12/platforms/android-21/arch-arm/usr/lib -O1 -z noexecstack -shared -Bsymbolic --no-whole-archive -lQt5Core -lpython3.5m -lstdc++ -lsupc++ -lgcc -llog -lz -ldl -lshiboken2.cpython-35m -lQt5Core CMakeFiles/cmTC_57714.dir/CMakeCXXCompilerABI.cpp.o -lstdc++ -lm -lc -lgcc -lc -ldl -lgcc /home/ethanhs/python3-android/sdk/android-ndk-r12/platforms/android-21/arch-arm/usr/lib/crtend_so.o]
    arg [/home/ethanhs/python3-android/sdk/android-ndk-r12/toolchains/arm-linux-androideabi-4.9/prebuilt/linux-x86_64/bin/../libexec/gcc/arm-linux-androideabi/4.9.x/collect2] ==> ignore
    arg [-plugin] ==> ignore
    arg [/home/ethanhs/python3-android/sdk/android-ndk-r12/toolchains/arm-linux-androideabi-4.9/prebuilt/linux-x86_64/bin/../libexec/gcc/arm-linux-androideabi/4.9.x/liblto_plugin.so] ==> ignore
    arg [-plugin-opt=/home/ethanhs/python3-android/sdk/android-ndk-r12/toolchains/arm-linux-androideabi-4.9/prebuilt/linux-x86_64/bin/../libexec/gcc/arm-linux-androideabi/4.9.x/lto-wrapper] ==> ignore
    arg [-plugin-opt=-fresolution=/tmp/ccI5ygTW.res] ==> ignore
    arg [-plugin-opt=-pass-through=-lgcc] ==> ignore
    arg [-plugin-opt=-pass-through=-lc] ==> ignore
    arg [-plugin-opt=-pass-through=-ldl] ==> ignore
    arg [-plugin-opt=-pass-through=-lgcc] ==> ignore
    arg [--sysroot=/home/ethanhs/python3-android/sdk/android-ndk-r12/platforms/android-21/arch-arm] ==> ignore
    arg [--eh-frame-hdr] ==> ignore
    arg [-shared] ==> ignore
    arg [-export-dynamic] ==> ignore
    arg [-dynamic-linker] ==> ignore
    arg [/system/bin/linker] ==> ignore
    arg [-X] ==> ignore
    arg [-m] ==> ignore
    arg [armelf_linux_eabi] ==> ignore
    arg [-Bsymbolic] ==> ignore
    arg [-znoexecstack] ==> ignore
    arg [-zrelro] ==> ignore
    arg [-znow] ==> ignore
    arg [-o] ==> ignore
    arg [cmTC_57714] ==> ignore
    arg [/home/ethanhs/python3-android/sdk/android-ndk-r12/platforms/android-21/arch-arm/usr/lib/crtbegin_so.o] ==> ignore
    arg [-L/home/ethanhs/python3-android/sdk/android-ndk-r12/sources/cxx-stl/gnu-libstdc++/4.9/libs/armeabi] ==> dir [/home/ethanhs/python3-android/sdk/android-ndk-r12/sources/cxx-stl/gnu-libstdc++/4.9/libs/armeabi]
    arg [-L/home/ethanhs/android-pyside-build-scripts/stage/lib] ==> dir [/home/ethanhs/android-pyside-build-scripts/stage/lib]
    arg [-L/home/ethanhs/android-pyside-build-scripts/stage/lib] ==> dir [/home/ethanhs/android-pyside-build-scripts/stage/lib]
    arg [-L/home/ethanhs/python3-android/sdk/android-ndk-r12/sources/cxx-stl/gnu-libstdc++/4.9/libs/armeabi] ==> dir [/home/ethanhs/python3-android/sdk/android-ndk-r12/sources/cxx-stl/gnu-libstdc++/4.9/libs/armeabi]
    arg [-L/home/ethanhs/python3-android/build/12-21-arm-linux-androideabi-4.9/lib] ==> dir [/home/ethanhs/python3-android/build/12-21-arm-linux-androideabi-4.9/lib]
    arg [-L/home/ethanhs/Qt5.5.1/5.5/android_armv7/lib] ==> dir [/home/ethanhs/Qt5.5.1/5.5/android_armv7/lib]
    arg [-L/home/ethanhs/android-pyside-build-scripts/stage/lib/libshiboken2.cpython-35m.so] ==> dir [/home/ethanhs/android-pyside-build-scripts/stage/lib/libshiboken2.cpython-35m.so]
    arg [-L/home/ethanhs/python3-android/sdk/android-ndk-r12/toolchains/arm-linux-androideabi-4.9/prebuilt/linux-x86_64/bin/../lib/gcc/arm-linux-androideabi/4.9.x] ==> dir [/home/ethanhs/python3-android/sdk/android-ndk-r12/toolchains/arm-linux-androideabi-4.9/prebuilt/linux-x86_64/bin/../lib/gcc/arm-linux-androideabi/4.9.x]
    arg [-L/home/ethanhs/python3-android/sdk/android-ndk-r12/toolchains/arm-linux-androideabi-4.9/prebuilt/linux-x86_64/bin/../lib/gcc] ==> dir [/home/ethanhs/python3-android/sdk/android-ndk-r12/toolchains/arm-linux-androideabi-4.9/prebuilt/linux-x86_64/bin/../lib/gcc]
    arg [-L/home/ethanhs/python3-android/sdk/android-ndk-r12/toolchains/arm-linux-androideabi-4.9/prebuilt/linux-x86_64/bin/../lib/gcc/arm-linux-androideabi/4.9.x/../../../../arm-linux-androideabi/lib] ==> dir [/home/ethanhs/python3-android/sdk/android-ndk-r12/toolchains/arm-linux-androideabi-4.9/prebuilt/linux-x86_64/bin/../lib/gcc/arm-linux-androideabi/4.9.x/../../../../arm-linux-androideabi/lib]
    arg [-L/home/ethanhs/python3-android/sdk/android-ndk-r12/platforms/android-21/arch-arm/usr/lib] ==> dir [/home/ethanhs/python3-android/sdk/android-ndk-r12/platforms/android-21/arch-arm/usr/lib]
    arg [-O1] ==> ignore
    arg [-znoexecstack] ==> ignore
    arg [-shared] ==> ignore
    arg [-Bsymbolic] ==> ignore
    arg [--no-whole-archive] ==> ignore
    arg [-lQt5Core] ==> lib [Qt5Core]
    arg [-lpython3.5m] ==> lib [python3.5m]
    arg [-lstdc++] ==> lib [stdc++]
    arg [-lsupc++] ==> lib [supc++]
    arg [-lgcc] ==> lib [gcc]
    arg [-llog] ==> lib [log]
    arg [-lz] ==> lib [z]
    arg [-ldl] ==> lib [dl]
    arg [-lshiboken2.cpython-35m] ==> lib [shiboken2.cpython-35m]
    arg [-lQt5Core] ==> lib [Qt5Core]
    arg [CMakeFiles/cmTC_57714.dir/CMakeCXXCompilerABI.cpp.o] ==> ignore
    arg [-lstdc++] ==> lib [stdc++]
    arg [-lm] ==> lib [m]
    arg [-lc] ==> lib [c]
    arg [-lgcc] ==> lib [gcc]
    arg [-lc] ==> lib [c]
    arg [-ldl] ==> lib [dl]
    arg [-lgcc] ==> lib [gcc]
    arg [/home/ethanhs/python3-android/sdk/android-ndk-r12/platforms/android-21/arch-arm/usr/lib/crtend_so.o] ==> ignore
  remove lib [gcc]
  remove lib [gcc]
  remove lib [gcc]
  collapse library dir [/home/ethanhs/python3-android/sdk/android-ndk-r12/sources/cxx-stl/gnu-libstdc++/4.9/libs/armeabi] ==> [/home/ethanhs/python3-android/sdk/android-ndk-r12/sources/cxx-stl/gnu-libstdc++/4.9/libs/armeabi]
  collapse library dir [/home/ethanhs/android-pyside-build-scripts/stage/lib] ==> [/home/ethanhs/android-pyside-build-scripts/stage/lib]
  collapse library dir [/home/ethanhs/android-pyside-build-scripts/stage/lib] ==> [/home/ethanhs/android-pyside-build-scripts/stage/lib]
  collapse library dir [/home/ethanhs/python3-android/sdk/android-ndk-r12/sources/cxx-stl/gnu-libstdc++/4.9/libs/armeabi] ==> [/home/ethanhs/python3-android/sdk/android-ndk-r12/sources/cxx-stl/gnu-libstdc++/4.9/libs/armeabi]
  collapse library dir [/home/ethanhs/python3-android/build/12-21-arm-linux-androideabi-4.9/lib] ==> [/home/ethanhs/python3-android/build/12-21-arm-linux-androideabi-4.9/lib]
  collapse library dir [/home/ethanhs/Qt5.5.1/5.5/android_armv7/lib] ==> [/home/ethanhs/Qt5.5.1/5.5/android_armv7/lib]
  collapse library dir [/home/ethanhs/android-pyside-build-scripts/stage/lib/libshiboken2.cpython-35m.so] ==> [/home/ethanhs/android-pyside-build-scripts/stage/lib/libshiboken2.cpython-35m.so]
  collapse library dir [/home/ethanhs/python3-android/sdk/android-ndk-r12/toolchains/arm-linux-androideabi-4.9/prebuilt/linux-x86_64/bin/../lib/gcc/arm-linux-androideabi/4.9.x] ==> [/home/ethanhs/python3-android/sdk/android-ndk-r12/toolchains/arm-linux-androideabi-4.9/prebuilt/linux-x86_64/lib/gcc/arm-linux-androideabi/4.9.x]
  collapse library dir [/home/ethanhs/python3-android/sdk/android-ndk-r12/toolchains/arm-linux-androideabi-4.9/prebuilt/linux-x86_64/bin/../lib/gcc] ==> [/home/ethanhs/python3-android/sdk/android-ndk-r12/toolchains/arm-linux-androideabi-4.9/prebuilt/linux-x86_64/lib/gcc]
  collapse library dir [/home/ethanhs/python3-android/sdk/android-ndk-r12/toolchains/arm-linux-androideabi-4.9/prebuilt/linux-x86_64/bin/../lib/gcc/arm-linux-androideabi/4.9.x/../../../../arm-linux-androideabi/lib] ==> [/home/ethanhs/python3-android/sdk/android-ndk-r12/toolchains/arm-linux-androideabi-4.9/prebuilt/linux-x86_64/arm-linux-androideabi/lib]
  collapse library dir [/home/ethanhs/python3-android/sdk/android-ndk-r12/platforms/android-21/arch-arm/usr/lib] ==> [/home/ethanhs/python3-android/sdk/android-ndk-r12/platforms/android-21/arch-arm/usr/lib]
  implicit libs: [Qt5Core;python3.5m;stdc++;supc++;log;z;dl;shiboken2.cpython-35m;Qt5Core;stdc++;m;c;c;dl]
  implicit dirs: [/home/ethanhs/python3-android/sdk/android-ndk-r12/sources/cxx-stl/gnu-libstdc++/4.9/libs/armeabi;/home/ethanhs/android-pyside-build-scripts/stage/lib;/home/ethanhs/python3-android/build/12-21-arm-linux-androideabi-4.9/lib;/home/ethanhs/Qt5.5.1/5.5/android_armv7/lib;/home/ethanhs/android-pyside-build-scripts/stage/lib/libshiboken2.cpython-35m.so;/home/ethanhs/python3-android/sdk/android-ndk-r12/toolchains/arm-linux-androideabi-4.9/prebuilt/linux-x86_64/lib/gcc/arm-linux-androideabi/4.9.x;/home/ethanhs/python3-android/sdk/android-ndk-r12/toolchains/arm-linux-androideabi-4.9/prebuilt/linux-x86_64/lib/gcc;/home/ethanhs/python3-android/sdk/android-ndk-r12/toolchains/arm-linux-androideabi-4.9/prebuilt/linux-x86_64/arm-linux-androideabi/lib;/home/ethanhs/python3-android/sdk/android-ndk-r12/platforms/android-21/arch-arm/usr/lib]
  implicit fwks: []




Detecting CXX [-std=c++14] compiler features compiled with the following output:
Change Dir: /home/ethanhs/android-pyside-build-scripts/pyside-build/CMakeFiles/CMakeTmp

Run Build Command:"/usr/bin/make" "cmTC_be83b/fast"
/usr/bin/make -f CMakeFiles/cmTC_be83b.dir/build.make CMakeFiles/cmTC_be83b.dir/build
make[1]: Entering directory '/home/ethanhs/android-pyside-build-scripts/pyside-build/CMakeFiles/CMakeTmp'
Building CXX object CMakeFiles/cmTC_be83b.dir/feature_tests.cxx.o
/home/ethanhs/python3-android/sdk/android-ndk-r12/toolchains/arm-linux-androideabi-4.9/prebuilt/linux-x86_64/bin/arm-linux-androideabi-g++     -I/home/ethanhs/python3-android/sdk/android-ndk-r12/platforms/android-21/arch-arm/usr/include -DANDROID -mandroid -fomit-frame-pointer -pipe --sysroot /home/ethanhs/python3-android/sdk/android-ndk-r12/platforms/android-21/arch-arm -L/home/ethanhs/python3-android/sdk/android-ndk-r12/sources/cxx-stl/gnu-libstdc++/4.9/libs/armeabi -I/home/ethanhs/python3-android/sdk/android-ndk-r12/sources/cxx-stl/gnu-libstdc++/4.9/include -I/home/ethanhs/python3-android/sdk/android-ndk-r12/sources/cxx-stl/gnu-libstdc++/4.9/libs/armeabi/include -I/home/ethanhs/python3-android/sdk/android-ndk-r12/platforms/android-21/arch-arm/usr/include -I/home/ethanhs/android-pyside-build-scripts/stage/include/shiboken -I/home/ethanhs/python3-android/build/12-21-arm-linux-androideabi-4.9/include/python3.5m -L/home/ethanhs/android-pyside-build-scripts/stage/lib -I/home/ethanhs/python3-android/sdk/android-ndk-r12/platforms/android-21/arch-arm/usr/include -I/home/ethanhs/android-pyside-build-scripts/pyside2-android/libpyside -fPIC -fvisibility=hidden -Wno-strict-aliasing -rdynamic     -std=c++14 -o CMakeFiles/cmTC_be83b.dir/feature_tests.cxx.o -c /home/ethanhs/android-pyside-build-scripts/pyside-build/CMakeFiles/feature_tests.cxx
Linking CXX executable cmTC_be83b
/usr/bin/cmake -E cmake_link_script CMakeFiles/cmTC_be83b.dir/link.txt --verbose=1
/home/ethanhs/python3-android/sdk/android-ndk-r12/toolchains/arm-linux-androideabi-4.9/prebuilt/linux-x86_64/bin/arm-linux-androideabi-g++   -I/home/ethanhs/python3-android/sdk/android-ndk-r12/platforms/android-21/arch-arm/usr/include -DANDROID -mandroid -fomit-frame-pointer -pipe --sysroot /home/ethanhs/python3-android/sdk/android-ndk-r12/platforms/android-21/arch-arm -L/home/ethanhs/python3-android/sdk/android-ndk-r12/sources/cxx-stl/gnu-libstdc++/4.9/libs/armeabi -I/home/ethanhs/python3-android/sdk/android-ndk-r12/sources/cxx-stl/gnu-libstdc++/4.9/include -I/home/ethanhs/python3-android/sdk/android-ndk-r12/sources/cxx-stl/gnu-libstdc++/4.9/libs/armeabi/include -I/home/ethanhs/python3-android/sdk/android-ndk-r12/platforms/android-21/arch-arm/usr/include -I/home/ethanhs/android-pyside-build-scripts/stage/include/shiboken -I/home/ethanhs/python3-android/build/12-21-arm-linux-androideabi-4.9/include/python3.5m -L/home/ethanhs/android-pyside-build-scripts/stage/lib -I/home/ethanhs/python3-android/sdk/android-ndk-r12/platforms/android-21/arch-arm/usr/include -I/home/ethanhs/android-pyside-build-scripts/pyside2-android/libpyside -fPIC -fvisibility=hidden -Wno-strict-aliasing -rdynamic     -L/home/ethanhs/android-pyside-build-scripts/stage/lib -L/home/ethanhs/python3-android/sdk/android-ndk-r12/sources/cxx-stl/gnu-libstdc++/4.9/libs/armeabi -L/home/ethanhs/python3-android/build/12-21-arm-linux-androideabi-4.9/lib -shared -Wno-strict-aliasing -Wl,-O1 -Wl,-z,noexecstack -Wl,-shared,-Bsymbolic -Wl,--no-whole-archive -L/home/ethanhs/Qt5.5.1/5.5/android_armv7/lib -lQt5Core -lpython3.5m -lstdc++ -lsupc++ -lgcc -llog -lz -lm -ldl -lc --sysroot /home/ethanhs/python3-android/sdk/android-ndk-r12/platforms/android-21/arch-arm -L/home/ethanhs/android-pyside-build-scripts/stage/lib/libshiboken2.cpython-35m.so -lshiboken2.cpython-35m -lQt5Core  CMakeFiles/cmTC_be83b.dir/feature_tests.cxx.o  -o cmTC_be83b -rdynamic 
make[1]: Leaving directory '/home/ethanhs/android-pyside-build-scripts/pyside-build/CMakeFiles/CMakeTmp'


    Feature record: CXX_FEATURE:0cxx_aggregate_default_initializers
    Feature record: CXX_FEATURE:1cxx_alias_templates
    Feature record: CXX_FEATURE:1cxx_alignas
    Feature record: CXX_FEATURE:1cxx_alignof
    Feature record: CXX_FEATURE:1cxx_attributes
    Feature record: CXX_FEATURE:1cxx_attribute_deprecated
    Feature record: CXX_FEATURE:1cxx_auto_type
    Feature record: CXX_FEATURE:1cxx_binary_literals
    Feature record: CXX_FEATURE:1cxx_constexpr
    Feature record: CXX_FEATURE:1cxx_contextual_conversions
    Feature record: CXX_FEATURE:1cxx_decltype
    Feature record: CXX_FEATURE:1cxx_decltype_auto
    Feature record: CXX_FEATURE:1cxx_decltype_incomplete_return_types
    Feature record: CXX_FEATURE:1cxx_default_function_template_args
    Feature record: CXX_FEATURE:1cxx_defaulted_functions
    Feature record: CXX_FEATURE:1cxx_defaulted_move_initializers
    Feature record: CXX_FEATURE:1cxx_delegating_constructors
    Feature record: CXX_FEATURE:1cxx_deleted_functions
    Feature record: CXX_FEATURE:1cxx_digit_separators
    Feature record: CXX_FEATURE:1cxx_enum_forward_declarations
    Feature record: CXX_FEATURE:1cxx_explicit_conversions
    Feature record: CXX_FEATURE:1cxx_extended_friend_declarations
    Feature record: CXX_FEATURE:1cxx_extern_templates
    Feature record: CXX_FEATURE:1cxx_final
    Feature record: CXX_FEATURE:1cxx_func_identifier
    Feature record: CXX_FEATURE:1cxx_generalized_initializers
    Feature record: CXX_FEATURE:1cxx_generic_lambdas
    Feature record: CXX_FEATURE:1cxx_inheriting_constructors
    Feature record: CXX_FEATURE:1cxx_inline_namespaces
    Feature record: CXX_FEATURE:1cxx_lambdas
    Feature record: CXX_FEATURE:1cxx_lambda_init_captures
    Feature record: CXX_FEATURE:1cxx_local_type_template_args
    Feature record: CXX_FEATURE:1cxx_long_long_type
    Feature record: CXX_FEATURE:1cxx_noexcept
    Feature record: CXX_FEATURE:1cxx_nonstatic_member_init
    Feature record: CXX_FEATURE:1cxx_nullptr
    Feature record: CXX_FEATURE:1cxx_override
    Feature record: CXX_FEATURE:1cxx_range_for
    Feature record: CXX_FEATURE:1cxx_raw_string_literals
    Feature record: CXX_FEATURE:1cxx_reference_qualified_functions
    Feature record: CXX_FEATURE:0cxx_relaxed_constexpr
    Feature record: CXX_FEATURE:1cxx_return_type_deduction
    Feature record: CXX_FEATURE:1cxx_right_angle_brackets
    Feature record: CXX_FEATURE:1cxx_rvalue_references
    Feature record: CXX_FEATURE:1cxx_sizeof_member
    Feature record: CXX_FEATURE:1cxx_static_assert
    Feature record: CXX_FEATURE:1cxx_strong_enums
    Feature record: CXX_FEATURE:1cxx_template_template_parameters
    Feature record: CXX_FEATURE:1cxx_thread_local
    Feature record: CXX_FEATURE:1cxx_trailing_return_types
    Feature record: CXX_FEATURE:1cxx_unicode_literals
    Feature record: CXX_FEATURE:1cxx_uniform_initialization
    Feature record: CXX_FEATURE:1cxx_unrestricted_unions
    Feature record: CXX_FEATURE:1cxx_user_literals
    Feature record: CXX_FEATURE:0cxx_variable_templates
    Feature record: CXX_FEATURE:1cxx_variadic_macros
    Feature record: CXX_FEATURE:1cxx_variadic_templates


Detecting CXX [-std=c++11] compiler features compiled with the following output:
Change Dir: /home/ethanhs/android-pyside-build-scripts/pyside-build/CMakeFiles/CMakeTmp

Run Build Command:"/usr/bin/make" "cmTC_f38cf/fast"
/usr/bin/make -f CMakeFiles/cmTC_f38cf.dir/build.make CMakeFiles/cmTC_f38cf.dir/build
make[1]: Entering directory '/home/ethanhs/android-pyside-build-scripts/pyside-build/CMakeFiles/CMakeTmp'
Building CXX object CMakeFiles/cmTC_f38cf.dir/feature_tests.cxx.o
/home/ethanhs/python3-android/sdk/android-ndk-r12/toolchains/arm-linux-androideabi-4.9/prebuilt/linux-x86_64/bin/arm-linux-androideabi-g++     -I/home/ethanhs/python3-android/sdk/android-ndk-r12/platforms/android-21/arch-arm/usr/include -DANDROID -mandroid -fomit-frame-pointer -pipe --sysroot /home/ethanhs/python3-android/sdk/android-ndk-r12/platforms/android-21/arch-arm -L/home/ethanhs/python3-android/sdk/android-ndk-r12/sources/cxx-stl/gnu-libstdc++/4.9/libs/armeabi -I/home/ethanhs/python3-android/sdk/android-ndk-r12/sources/cxx-stl/gnu-libstdc++/4.9/include -I/home/ethanhs/python3-android/sdk/android-ndk-r12/sources/cxx-stl/gnu-libstdc++/4.9/libs/armeabi/include -I/home/ethanhs/python3-android/sdk/android-ndk-r12/platforms/android-21/arch-arm/usr/include -I/home/ethanhs/android-pyside-build-scripts/stage/include/shiboken -I/home/ethanhs/python3-android/build/12-21-arm-linux-androideabi-4.9/include/python3.5m -L/home/ethanhs/android-pyside-build-scripts/stage/lib -I/home/ethanhs/python3-android/sdk/android-ndk-r12/platforms/android-21/arch-arm/usr/include -I/home/ethanhs/android-pyside-build-scripts/pyside2-android/libpyside -fPIC -fvisibility=hidden -Wno-strict-aliasing -rdynamic     -std=c++11 -o CMakeFiles/cmTC_f38cf.dir/feature_tests.cxx.o -c /home/ethanhs/android-pyside-build-scripts/pyside-build/CMakeFiles/feature_tests.cxx
Linking CXX executable cmTC_f38cf
/usr/bin/cmake -E cmake_link_script CMakeFiles/cmTC_f38cf.dir/link.txt --verbose=1
/home/ethanhs/python3-android/sdk/android-ndk-r12/toolchains/arm-linux-androideabi-4.9/prebuilt/linux-x86_64/bin/arm-linux-androideabi-g++   -I/home/ethanhs/python3-android/sdk/android-ndk-r12/platforms/android-21/arch-arm/usr/include -DANDROID -mandroid -fomit-frame-pointer -pipe --sysroot /home/ethanhs/python3-android/sdk/android-ndk-r12/platforms/android-21/arch-arm -L/home/ethanhs/python3-android/sdk/android-ndk-r12/sources/cxx-stl/gnu-libstdc++/4.9/libs/armeabi -I/home/ethanhs/python3-android/sdk/android-ndk-r12/sources/cxx-stl/gnu-libstdc++/4.9/include -I/home/ethanhs/python3-android/sdk/android-ndk-r12/sources/cxx-stl/gnu-libstdc++/4.9/libs/armeabi/include -I/home/ethanhs/python3-android/sdk/android-ndk-r12/platforms/android-21/arch-arm/usr/include -I/home/ethanhs/android-pyside-build-scripts/stage/include/shiboken -I/home/ethanhs/python3-android/build/12-21-arm-linux-androideabi-4.9/include/python3.5m -L/home/ethanhs/android-pyside-build-scripts/stage/lib -I/home/ethanhs/python3-android/sdk/android-ndk-r12/platforms/android-21/arch-arm/usr/include -I/home/ethanhs/android-pyside-build-scripts/pyside2-android/libpyside -fPIC -fvisibility=hidden -Wno-strict-aliasing -rdynamic     -L/home/ethanhs/android-pyside-build-scripts/stage/lib -L/home/ethanhs/python3-android/sdk/android-ndk-r12/sources/cxx-stl/gnu-libstdc++/4.9/libs/armeabi -L/home/ethanhs/python3-android/build/12-21-arm-linux-androideabi-4.9/lib -shared -Wno-strict-aliasing -Wl,-O1 -Wl,-z,noexecstack -Wl,-shared,-Bsymbolic -Wl,--no-whole-archive -L/home/ethanhs/Qt5.5.1/5.5/android_armv7/lib -lQt5Core -lpython3.5m -lstdc++ -lsupc++ -lgcc -llog -lz -lm -ldl -lc --sysroot /home/ethanhs/python3-android/sdk/android-ndk-r12/platforms/android-21/arch-arm -L/home/ethanhs/android-pyside-build-scripts/stage/lib/libshiboken2.cpython-35m.so -lshiboken2.cpython-35m -lQt5Core  CMakeFiles/cmTC_f38cf.dir/feature_tests.cxx.o  -o cmTC_f38cf -rdynamic 
make[1]: Leaving directory '/home/ethanhs/android-pyside-build-scripts/pyside-build/CMakeFiles/CMakeTmp'


    Feature record: CXX_FEATURE:0cxx_aggregate_default_initializers
    Feature record: CXX_FEATURE:1cxx_alias_templates
    Feature record: CXX_FEATURE:1cxx_alignas
    Feature record: CXX_FEATURE:1cxx_alignof
    Feature record: CXX_FEATURE:1cxx_attributes
    Feature record: CXX_FEATURE:0cxx_attribute_deprecated
    Feature record: CXX_FEATURE:1cxx_auto_type
    Feature record: CXX_FEATURE:0cxx_binary_literals
    Feature record: CXX_FEATURE:1cxx_constexpr
    Feature record: CXX_FEATURE:0cxx_contextual_conversions
    Feature record: CXX_FEATURE:1cxx_decltype
    Feature record: CXX_FEATURE:0cxx_decltype_auto
    Feature record: CXX_FEATURE:1cxx_decltype_incomplete_return_types
    Feature record: CXX_FEATURE:1cxx_default_function_template_args
    Feature record: CXX_FEATURE:1cxx_defaulted_functions
    Feature record: CXX_FEATURE:1cxx_defaulted_move_initializers
    Feature record: CXX_FEATURE:1cxx_delegating_constructors
    Feature record: CXX_FEATURE:1cxx_deleted_functions
    Feature record: CXX_FEATURE:0cxx_digit_separators
    Feature record: CXX_FEATURE:1cxx_enum_forward_declarations
    Feature record: CXX_FEATURE:1cxx_explicit_conversions
    Feature record: CXX_FEATURE:1cxx_extended_friend_declarations
    Feature record: CXX_FEATURE:1cxx_extern_templates
    Feature record: CXX_FEATURE:1cxx_final
    Feature record: CXX_FEATURE:1cxx_func_identifier
    Feature record: CXX_FEATURE:1cxx_generalized_initializers
    Feature record: CXX_FEATURE:0cxx_generic_lambdas
    Feature record: CXX_FEATURE:1cxx_inheriting_constructors
    Feature record: CXX_FEATURE:1cxx_inline_namespaces
    Feature record: CXX_FEATURE:1cxx_lambdas
    Feature record: CXX_FEATURE:0cxx_lambda_init_captures
    Feature record: CXX_FEATURE:1cxx_local_type_template_args
    Feature record: CXX_FEATURE:1cxx_long_long_type
    Feature record: CXX_FEATURE:1cxx_noexcept
    Feature record: CXX_FEATURE:1cxx_nonstatic_member_init
    Feature record: CXX_FEATURE:1cxx_nullptr
    Feature record: CXX_FEATURE:1cxx_override
    Feature record: CXX_FEATURE:1cxx_range_for
    Feature record: CXX_FEATURE:1cxx_raw_string_literals
    Feature record: CXX_FEATURE:1cxx_reference_qualified_functions
    Feature record: CXX_FEATURE:0cxx_relaxed_constexpr
    Feature record: CXX_FEATURE:0cxx_return_type_deduction
    Feature record: CXX_FEATURE:1cxx_right_angle_brackets
    Feature record: CXX_FEATURE:1cxx_rvalue_references
    Feature record: CXX_FEATURE:1cxx_sizeof_member
    Feature record: CXX_FEATURE:1cxx_static_assert
    Feature record: CXX_FEATURE:1cxx_strong_enums
    Feature record: CXX_FEATURE:1cxx_template_template_parameters
    Feature record: CXX_FEATURE:1cxx_thread_local
    Feature record: CXX_FEATURE:1cxx_trailing_return_types
    Feature record: CXX_FEATURE:1cxx_unicode_literals
    Feature record: CXX_FEATURE:1cxx_uniform_initialization
    Feature record: CXX_FEATURE:1cxx_unrestricted_unions
    Feature record: CXX_FEATURE:1cxx_user_literals
    Feature record: CXX_FEATURE:0cxx_variable_templates
    Feature record: CXX_FEATURE:1cxx_variadic_macros
    Feature record: CXX_FEATURE:1cxx_variadic_templates


Detecting CXX [-std=c++98] compiler features compiled with the following output:
Change Dir: /home/ethanhs/android-pyside-build-scripts/pyside-build/CMakeFiles/CMakeTmp

Run Build Command:"/usr/bin/make" "cmTC_7029d/fast"
/usr/bin/make -f CMakeFiles/cmTC_7029d.dir/build.make CMakeFiles/cmTC_7029d.dir/build
make[1]: Entering directory '/home/ethanhs/android-pyside-build-scripts/pyside-build/CMakeFiles/CMakeTmp'
Building CXX object CMakeFiles/cmTC_7029d.dir/feature_tests.cxx.o
/home/ethanhs/python3-android/sdk/android-ndk-r12/toolchains/arm-linux-androideabi-4.9/prebuilt/linux-x86_64/bin/arm-linux-androideabi-g++     -I/home/ethanhs/python3-android/sdk/android-ndk-r12/platforms/android-21/arch-arm/usr/include -DANDROID -mandroid -fomit-frame-pointer -pipe --sysroot /home/ethanhs/python3-android/sdk/android-ndk-r12/platforms/android-21/arch-arm -L/home/ethanhs/python3-android/sdk/android-ndk-r12/sources/cxx-stl/gnu-libstdc++/4.9/libs/armeabi -I/home/ethanhs/python3-android/sdk/android-ndk-r12/sources/cxx-stl/gnu-libstdc++/4.9/include -I/home/ethanhs/python3-android/sdk/android-ndk-r12/sources/cxx-stl/gnu-libstdc++/4.9/libs/armeabi/include -I/home/ethanhs/python3-android/sdk/android-ndk-r12/platforms/android-21/arch-arm/usr/include -I/home/ethanhs/android-pyside-build-scripts/stage/include/shiboken -I/home/ethanhs/python3-android/build/12-21-arm-linux-androideabi-4.9/include/python3.5m -L/home/ethanhs/android-pyside-build-scripts/stage/lib -I/home/ethanhs/python3-android/sdk/android-ndk-r12/platforms/android-21/arch-arm/usr/include -I/home/ethanhs/android-pyside-build-scripts/pyside2-android/libpyside -fPIC -fvisibility=hidden -Wno-strict-aliasing -rdynamic     -std=c++98 -o CMakeFiles/cmTC_7029d.dir/feature_tests.cxx.o -c /home/ethanhs/android-pyside-build-scripts/pyside-build/CMakeFiles/feature_tests.cxx
Linking CXX executable cmTC_7029d
/usr/bin/cmake -E cmake_link_script CMakeFiles/cmTC_7029d.dir/link.txt --verbose=1
/home/ethanhs/python3-android/sdk/android-ndk-r12/toolchains/arm-linux-androideabi-4.9/prebuilt/linux-x86_64/bin/arm-linux-androideabi-g++   -I/home/ethanhs/python3-android/sdk/android-ndk-r12/platforms/android-21/arch-arm/usr/include -DANDROID -mandroid -fomit-frame-pointer -pipe --sysroot /home/ethanhs/python3-android/sdk/android-ndk-r12/platforms/android-21/arch-arm -L/home/ethanhs/python3-android/sdk/android-ndk-r12/sources/cxx-stl/gnu-libstdc++/4.9/libs/armeabi -I/home/ethanhs/python3-android/sdk/android-ndk-r12/sources/cxx-stl/gnu-libstdc++/4.9/include -I/home/ethanhs/python3-android/sdk/android-ndk-r12/sources/cxx-stl/gnu-libstdc++/4.9/libs/armeabi/include -I/home/ethanhs/python3-android/sdk/android-ndk-r12/platforms/android-21/arch-arm/usr/include -I/home/ethanhs/android-pyside-build-scripts/stage/include/shiboken -I/home/ethanhs/python3-android/build/12-21-arm-linux-androideabi-4.9/include/python3.5m -L/home/ethanhs/android-pyside-build-scripts/stage/lib -I/home/ethanhs/python3-android/sdk/android-ndk-r12/platforms/android-21/arch-arm/usr/include -I/home/ethanhs/android-pyside-build-scripts/pyside2-android/libpyside -fPIC -fvisibility=hidden -Wno-strict-aliasing -rdynamic     -L/home/ethanhs/android-pyside-build-scripts/stage/lib -L/home/ethanhs/python3-android/sdk/android-ndk-r12/sources/cxx-stl/gnu-libstdc++/4.9/libs/armeabi -L/home/ethanhs/python3-android/build/12-21-arm-linux-androideabi-4.9/lib -shared -Wno-strict-aliasing -Wl,-O1 -Wl,-z,noexecstack -Wl,-shared,-Bsymbolic -Wl,--no-whole-archive -L/home/ethanhs/Qt5.5.1/5.5/android_armv7/lib -lQt5Core -lpython3.5m -lstdc++ -lsupc++ -lgcc -llog -lz -lm -ldl -lc --sysroot /home/ethanhs/python3-android/sdk/android-ndk-r12/platforms/android-21/arch-arm -L/home/ethanhs/android-pyside-build-scripts/stage/lib/libshiboken2.cpython-35m.so -lshiboken2.cpython-35m -lQt5Core  CMakeFiles/cmTC_7029d.dir/feature_tests.cxx.o  -o cmTC_7029d -rdynamic 
make[1]: Leaving directory '/home/ethanhs/android-pyside-build-scripts/pyside-build/CMakeFiles/CMakeTmp'


    Feature record: CXX_FEATURE:0cxx_aggregate_default_initializers
    Feature record: CXX_FEATURE:0cxx_alias_templates
    Feature record: CXX_FEATURE:0cxx_alignas
    Feature record: CXX_FEATURE:0cxx_alignof
    Feature record: CXX_FEATURE:0cxx_attributes
    Feature record: CXX_FEATURE:0cxx_attribute_deprecated
    Feature record: CXX_FEATURE:0cxx_auto_type
    Feature record: CXX_FEATURE:0cxx_binary_literals
    Feature record: CXX_FEATURE:0cxx_constexpr
    Feature record: CXX_FEATURE:0cxx_contextual_conversions
    Feature record: CXX_FEATURE:0cxx_decltype
    Feature record: CXX_FEATURE:0cxx_decltype_auto
    Feature record: CXX_FEATURE:0cxx_decltype_incomplete_return_types
    Feature record: CXX_FEATURE:0cxx_default_function_template_args
    Feature record: CXX_FEATURE:0cxx_defaulted_functions
    Feature record: CXX_FEATURE:0cxx_defaulted_move_initializers
    Feature record: CXX_FEATURE:0cxx_delegating_constructors
    Feature record: CXX_FEATURE:0cxx_deleted_functions
    Feature record: CXX_FEATURE:0cxx_digit_separators
    Feature record: CXX_FEATURE:0cxx_enum_forward_declarations
    Feature record: CXX_FEATURE:0cxx_explicit_conversions
    Feature record: CXX_FEATURE:0cxx_extended_friend_declarations
    Feature record: CXX_FEATURE:0cxx_extern_templates
    Feature record: CXX_FEATURE:0cxx_final
    Feature record: CXX_FEATURE:0cxx_func_identifier
    Feature record: CXX_FEATURE:0cxx_generalized_initializers
    Feature record: CXX_FEATURE:0cxx_generic_lambdas
    Feature record: CXX_FEATURE:0cxx_inheriting_constructors
    Feature record: CXX_FEATURE:0cxx_inline_namespaces
    Feature record: CXX_FEATURE:0cxx_lambdas
    Feature record: CXX_FEATURE:0cxx_lambda_init_captures
    Feature record: CXX_FEATURE:0cxx_local_type_template_args
    Feature record: CXX_FEATURE:0cxx_long_long_type
    Feature record: CXX_FEATURE:0cxx_noexcept
    Feature record: CXX_FEATURE:0cxx_nonstatic_member_init
    Feature record: CXX_FEATURE:0cxx_nullptr
    Feature record: CXX_FEATURE:0cxx_override
    Feature record: CXX_FEATURE:0cxx_range_for
    Feature record: CXX_FEATURE:0cxx_raw_string_literals
    Feature record: CXX_FEATURE:0cxx_reference_qualified_functions
    Feature record: CXX_FEATURE:0cxx_relaxed_constexpr
    Feature record: CXX_FEATURE:0cxx_return_type_deduction
    Feature record: CXX_FEATURE:0cxx_right_angle_brackets
    Feature record: CXX_FEATURE:0cxx_rvalue_references
    Feature record: CXX_FEATURE:0cxx_sizeof_member
    Feature record: CXX_FEATURE:0cxx_static_assert
    Feature record: CXX_FEATURE:0cxx_strong_enums
    Feature record: CXX_FEATURE:1cxx_template_template_parameters
    Feature record: CXX_FEATURE:0cxx_thread_local
    Feature record: CXX_FEATURE:0cxx_trailing_return_types
    Feature record: CXX_FEATURE:0cxx_unicode_literals
    Feature record: CXX_FEATURE:0cxx_uniform_initialization
    Feature record: CXX_FEATURE:0cxx_unrestricted_unions
    Feature record: CXX_FEATURE:0cxx_user_literals
    Feature record: CXX_FEATURE:0cxx_variable_templates
    Feature record: CXX_FEATURE:0cxx_variadic_macros
    Feature record: CXX_FEATURE:0cxx_variadic_templates
